{"meta": {"format": 3, "version": "7.13.0", "timestamp": "2025-12-16T22:26:31.860459", "branch_coverage": false, "show_contexts": false}, "files": {"C:\\X\\Color_total\\Color_meter\\src\\__init__.py": {"executed_lines": [1, 8, 9], "summary": {"covered_lines": 2, "num_statements": 2, "percent_covered": 100.0, "percent_covered_display": "100", "missing_lines": 0, "excluded_lines": 0, "percent_statements_covered": 100.0, "percent_statements_covered_display": "100"}, "missing_lines": [], "excluded_lines": [], "functions": {"": {"executed_lines": [1, 8, 9], "summary": {"covered_lines": 2, "num_statements": 2, "percent_covered": 100.0, "percent_covered_display": "100", "missing_lines": 0, "excluded_lines": 0, "percent_statements_covered": 100.0, "percent_statements_covered_display": "100"}, "missing_lines": [], "excluded_lines": []}}, "classes": {"": {"executed_lines": [1, 8, 9], "summary": {"covered_lines": 2, "num_statements": 2, "percent_covered": 100.0, "percent_covered_display": "100", "missing_lines": 0, "excluded_lines": 0, "percent_statements_covered": 100.0, "percent_statements_covered_display": "100"}, "missing_lines": [], "excluded_lines": []}}}, "C:\\X\\Color_total\\Color_meter\\src\\analysis\\__init__.py": {"executed_lines": [], "summary": {"covered_lines": 0, "num_statements": 2, "percent_covered": 0.0, "percent_covered_display": "0", "missing_lines": 2, "excluded_lines": 0, "percent_statements_covered": 0.0, "percent_statements_covered_display": "0"}, "missing_lines": [5, 12], "excluded_lines": [], "functions": {"": {"executed_lines": [], "summary": {"covered_lines": 0, "num_statements": 2, "percent_covered": 0.0, "percent_covered_display": "0", "missing_lines": 2, "excluded_lines": 0, "percent_statements_covered": 0.0, "percent_statements_covered_display": "0"}, "missing_lines": [5, 12], "excluded_lines": []}}, "classes": {"": {"executed_lines": [], "summary": {"covered_lines": 0, "num_statements": 2, "percent_covered": 0.0, "percent_covered_display": "0", "missing_lines": 2, "excluded_lines": 0, "percent_statements_covered": 0.0, "percent_statements_covered_display": "0"}, "missing_lines": [5, 12], "excluded_lines": []}}}, "C:\\X\\Color_total\\Color_meter\\src\\analysis\\profile_analyzer.py": {"executed_lines": [], "summary": {"covered_lines": 0, "num_statements": 105, "percent_covered": 0.0, "percent_covered_display": "0", "missing_lines": 105, "excluded_lines": 0, "percent_statements_covered": 0.0, "percent_statements_covered_display": "0"}, "missing_lines": [1, 2, 3, 4, 6, 9, 15, 16, 18, 31, 32, 35, 38, 39, 41, 42, 43, 44, 45, 47, 58, 59, 60, 62, 73, 74, 76, 90, 93, 94, 95, 97, 99, 103, 104, 107, 108, 118, 120, 141, 143, 144, 145, 153, 155, 157, 189, 192, 195, 196, 198, 199, 203, 206, 207, 208, 210, 211, 214, 215, 216, 219, 220, 221, 223, 224, 225, 228, 229, 232, 233, 234, 236, 237, 238, 240, 241, 244, 246, 247, 251, 254, 255, 259, 262, 263, 267, 269, 274, 276, 291, 292, 293, 296, 297, 298, 301, 304, 307, 310, 316, 319, 320, 323, 343], "excluded_lines": [], "functions": {"ProfileAnalyzer.__init__": {"executed_lines": [], "summary": {"covered_lines": 0, "num_statements": 1, "percent_covered": 0.0, "percent_covered_display": "0", "missing_lines": 1, "excluded_lines": 0, "percent_statements_covered": 0.0, "percent_statements_covered_display": "0"}, "missing_lines": [16], "excluded_lines": []}, "ProfileAnalyzer.smooth_profile": {"executed_lines": [], "summary": {"covered_lines": 0, "num_statements": 10, "percent_covered": 0.0, "percent_covered_display": "0", "missing_lines": 10, "excluded_lines": 0, "percent_statements_covered": 0.0, "percent_statements_covered_display": "0"}, "missing_lines": [31, 32, 35, 38, 39, 41, 42, 43, 44, 45], "excluded_lines": []}, "ProfileAnalyzer.compute_gradient": {"executed_lines": [], "summary": {"covered_lines": 0, "num_statements": 3, "percent_covered": 0.0, "percent_covered_display": "0", "missing_lines": 3, "excluded_lines": 0, "percent_statements_covered": 0.0, "percent_statements_covered_display": "0"}, "missing_lines": [58, 59, 60], "excluded_lines": []}, "ProfileAnalyzer.compute_second_derivative": {"executed_lines": [], "summary": {"covered_lines": 0, "num_statements": 2, "percent_covered": 0.0, "percent_covered_display": "0", "missing_lines": 2, "excluded_lines": 0, "percent_statements_covered": 0.0, "percent_statements_covered_display": "0"}, "missing_lines": [73, 74], "excluded_lines": []}, "ProfileAnalyzer.detect_inflection_points": {"executed_lines": [], "summary": {"covered_lines": 0, "num_statements": 11, "percent_covered": 0.0, "percent_covered_display": "0", "missing_lines": 11, "excluded_lines": 0, "percent_statements_covered": 0.0, "percent_statements_covered_display": "0"}, "missing_lines": [90, 93, 94, 95, 97, 99, 103, 104, 107, 108, 118], "excluded_lines": []}, "ProfileAnalyzer.detect_peaks": {"executed_lines": [], "summary": {"covered_lines": 0, "num_statements": 6, "percent_covered": 0.0, "percent_covered_display": "0", "missing_lines": 6, "excluded_lines": 0, "percent_statements_covered": 0.0, "percent_statements_covered_display": "0"}, "missing_lines": [141, 143, 144, 145, 153, 155], "excluded_lines": []}, "ProfileAnalyzer.detect_print_boundaries": {"executed_lines": [], "summary": {"covered_lines": 0, "num_statements": 43, "percent_covered": 0.0, "percent_covered_display": "0", "missing_lines": 43, "excluded_lines": 0, "percent_statements_covered": 0.0, "percent_statements_covered_display": "0"}, "missing_lines": [189, 192, 195, 196, 198, 199, 203, 206, 207, 208, 210, 211, 214, 215, 216, 219, 220, 221, 223, 224, 225, 228, 229, 232, 233, 234, 236, 237, 238, 240, 241, 244, 246, 247, 251, 254, 255, 259, 262, 263, 267, 269, 274], "excluded_lines": []}, "ProfileAnalyzer.analyze_profile": {"executed_lines": [], "summary": {"covered_lines": 0, "num_statements": 15, "percent_covered": 0.0, "percent_covered_display": "0", "missing_lines": 15, "excluded_lines": 0, "percent_statements_covered": 0.0, "percent_statements_covered_display": "0"}, "missing_lines": [291, 292, 293, 296, 297, 298, 301, 304, 307, 310, 316, 319, 320, 323, 343], "excluded_lines": []}, "": {"executed_lines": [], "summary": {"covered_lines": 0, "num_statements": 14, "percent_covered": 0.0, "percent_covered_display": "0", "missing_lines": 14, "excluded_lines": 0, "percent_statements_covered": 0.0, "percent_statements_covered_display": "0"}, "missing_lines": [1, 2, 3, 4, 6, 9, 15, 18, 47, 62, 76, 120, 157, 276], "excluded_lines": []}}, "classes": {"ProfileAnalyzer": {"executed_lines": [], "summary": {"covered_lines": 0, "num_statements": 91, "percent_covered": 0.0, "percent_covered_display": "0", "missing_lines": 91, "excluded_lines": 0, "percent_statements_covered": 0.0, "percent_statements_covered_display": "0"}, "missing_lines": [16, 31, 32, 35, 38, 39, 41, 42, 43, 44, 45, 58, 59, 60, 73, 74, 90, 93, 94, 95, 97, 99, 103, 104, 107, 108, 118, 141, 143, 144, 145, 153, 155, 189, 192, 195, 196, 198, 199, 203, 206, 207, 208, 210, 211, 214, 215, 216, 219, 220, 221, 223, 224, 225, 228, 229, 232, 233, 234, 236, 237, 238, 240, 241, 244, 246, 247, 251, 254, 255, 259, 262, 263, 267, 269, 274, 291, 292, 293, 296, 297, 298, 301, 304, 307, 310, 316, 319, 320, 323, 343], "excluded_lines": []}, "": {"executed_lines": [], "summary": {"covered_lines": 0, "num_statements": 14, "percent_covered": 0.0, "percent_covered_display": "0", "missing_lines": 14, "excluded_lines": 0, "percent_statements_covered": 0.0, "percent_statements_covered_display": "0"}, "missing_lines": [1, 2, 3, 4, 6, 9, 15, 18, 47, 62, 76, 120, 157, 276], "excluded_lines": []}}}, "C:\\X\\Color_total\\Color_meter\\src\\analysis\\uniformity_analyzer.py": {"executed_lines": [], "summary": {"covered_lines": 0, "num_statements": 131, "percent_covered": 0.0, "percent_covered_display": "0", "missing_lines": 131, "excluded_lines": 0, "percent_statements_covered": 0.0, "percent_statements_covered_display": "0"}, "missing_lines": [8, 9, 10, 11, 13, 14, 16, 19, 20, 33, 34, 35, 36, 37, 38, 41, 42, 58, 59, 60, 61, 62, 63, 64, 65, 66, 69, 72, 75, 92, 99, 100, 102, 121, 122, 124, 125, 128, 131, 132, 133, 134, 135, 137, 140, 143, 144, 145, 148, 149, 150, 153, 154, 155, 158, 160, 172, 177, 179, 192, 194, 196, 197, 198, 200, 201, 202, 205, 206, 207, 210, 211, 212, 214, 215, 216, 218, 219, 221, 223, 234, 236, 237, 239, 241, 244, 246, 247, 248, 258, 260, 273, 276, 277, 278, 279, 280, 283, 284, 285, 286, 287, 288, 290, 291, 292, 294, 301, 303, 316, 319, 320, 321, 322, 323, 326, 327, 328, 329, 330, 331, 333, 334, 335, 337, 344, 346, 357, 358, 361, 363], "excluded_lines": [], "functions": {"UniformityAnalyzer.__init__": {"executed_lines": [], "summary": {"covered_lines": 0, "num_statements": 2, "percent_covered": 0.0, "percent_covered_display": "0", "missing_lines": 2, "excluded_lines": 0, "percent_statements_covered": 0.0, "percent_statements_covered_display": "0"}, "missing_lines": [99, 100], "excluded_lines": []}, "UniformityAnalyzer.analyze": {"executed_lines": [], "summary": {"covered_lines": 0, "num_statements": 25, "percent_covered": 0.0, "percent_covered_display": "0", "missing_lines": 25, "excluded_lines": 0, "percent_statements_covered": 0.0, "percent_statements_covered_display": "0"}, "missing_lines": [121, 122, 124, 125, 128, 131, 132, 133, 134, 135, 137, 140, 143, 144, 145, 148, 149, 150, 153, 154, 155, 158, 160, 172, 177], "excluded_lines": []}, "UniformityAnalyzer._calculate_global_stats": {"executed_lines": [], "summary": {"covered_lines": 0, "num_statements": 20, "percent_covered": 0.0, "percent_covered_display": "0", "missing_lines": 20, "excluded_lines": 0, "percent_statements_covered": 0.0, "percent_statements_covered_display": "0"}, "missing_lines": [192, 194, 196, 197, 198, 200, 201, 202, 205, 206, 207, 210, 211, 212, 214, 215, 216, 218, 219, 221], "excluded_lines": []}, "UniformityAnalyzer._detect_outliers": {"executed_lines": [], "summary": {"covered_lines": 0, "num_statements": 10, "percent_covered": 0.0, "percent_covered_display": "0", "missing_lines": 10, "excluded_lines": 0, "percent_statements_covered": 0.0, "percent_statements_covered_display": "0"}, "missing_lines": [234, 236, 237, 239, 241, 244, 246, 247, 248, 258], "excluded_lines": []}, "UniformityAnalyzer._analyze_by_ring": {"executed_lines": [], "summary": {"covered_lines": 0, "num_statements": 17, "percent_covered": 0.0, "percent_covered_display": "0", "missing_lines": 17, "excluded_lines": 0, "percent_statements_covered": 0.0, "percent_statements_covered_display": "0"}, "missing_lines": [273, 276, 277, 278, 279, 280, 283, 284, 285, 286, 287, 288, 290, 291, 292, 294, 301], "excluded_lines": []}, "UniformityAnalyzer._analyze_by_sector": {"executed_lines": [], "summary": {"covered_lines": 0, "num_statements": 17, "percent_covered": 0.0, "percent_covered_display": "0", "missing_lines": 17, "excluded_lines": 0, "percent_statements_covered": 0.0, "percent_statements_covered_display": "0"}, "missing_lines": [316, 319, 320, 321, 322, 323, 326, 327, 328, 329, 330, 331, 333, 334, 335, 337, 344], "excluded_lines": []}, "UniformityAnalyzer._calculate_confidence": {"executed_lines": [], "summary": {"covered_lines": 0, "num_statements": 4, "percent_covered": 0.0, "percent_covered_display": "0", "missing_lines": 4, "excluded_lines": 0, "percent_statements_covered": 0.0, "percent_statements_covered_display": "0"}, "missing_lines": [357, 358, 361, 363], "excluded_lines": []}, "": {"executed_lines": [], "summary": {"covered_lines": 0, "num_statements": 36, "percent_covered": 0.0, "percent_covered_display": "0", "missing_lines": 36, "excluded_lines": 0, "percent_statements_covered": 0.0, "percent_statements_covered_display": "0"}, "missing_lines": [8, 9, 10, 11, 13, 14, 16, 19, 20, 33, 34, 35, 36, 37, 38, 41, 42, 58, 59, 60, 61, 62, 63, 64, 65, 66, 69, 72, 75, 92, 102, 179, 223, 260, 303, 346], "excluded_lines": []}}, "classes": {"UniformityConfig": {"executed_lines": [], "summary": {"covered_lines": 0, "num_statements": 0, "percent_covered": 100.0, "percent_covered_display": "100", "missing_lines": 0, "excluded_lines": 0, "percent_statements_covered": 100.0, "percent_statements_covered_display": "100"}, "missing_lines": [], "excluded_lines": []}, "UniformityReport": {"executed_lines": [], "summary": {"covered_lines": 0, "num_statements": 0, "percent_covered": 100.0, "percent_covered_display": "100", "missing_lines": 0, "excluded_lines": 0, "percent_statements_covered": 100.0, "percent_statements_covered_display": "100"}, "missing_lines": [], "excluded_lines": []}, "UniformityAnalyzerError": {"executed_lines": [], "summary": {"covered_lines": 0, "num_statements": 0, "percent_covered": 100.0, "percent_covered_display": "100", "missing_lines": 0, "excluded_lines": 0, "percent_statements_covered": 100.0, "percent_statements_covered_display": "100"}, "missing_lines": [], "excluded_lines": []}, "UniformityAnalyzer": {"executed_lines": [], "summary": {"covered_lines": 0, "num_statements": 95, "percent_covered": 0.0, "percent_covered_display": "0", "missing_lines": 95, "excluded_lines": 0, "percent_statements_covered": 0.0, "percent_statements_covered_display": "0"}, "missing_lines": [99, 100, 121, 122, 124, 125, 128, 131, 132, 133, 134, 135, 137, 140, 143, 144, 145, 148, 149, 150, 153, 154, 155, 158, 160, 172, 177, 192, 194, 196, 197, 198, 200, 201, 202, 205, 206, 207, 210, 211, 212, 214, 215, 216, 218, 219, 221, 234, 236, 237, 239, 241, 244, 246, 247, 248, 258, 273, 276, 277, 278, 279, 280, 283, 284, 285, 286, 287, 288, 290, 291, 292, 294, 301, 316, 319, 320, 321, 322, 323, 326, 327, 328, 329, 330, 331, 333, 334, 335, 337, 344, 357, 358, 361, 363], "excluded_lines": []}, "": {"executed_lines": [], "summary": {"covered_lines": 0, "num_statements": 36, "percent_covered": 0.0, "percent_covered_display": "0", "missing_lines": 36, "excluded_lines": 0, "percent_statements_covered": 0.0, "percent_statements_covered_display": "0"}, "missing_lines": [8, 9, 10, 11, 13, 14, 16, 19, 20, 33, 34, 35, 36, 37, 38, 41, 42, 58, 59, 60, 61, 62, 63, 64, 65, 66, 69, 72, 75, 92, 102, 179, 223, 260, 303, 346], "excluded_lines": []}}}, "C:\\X\\Color_total\\Color_meter\\src\\core\\__init__.py": {"executed_lines": [1, 12], "summary": {"covered_lines": 1, "num_statements": 1, "percent_covered": 100.0, "percent_covered_display": "100", "missing_lines": 0, "excluded_lines": 0, "percent_statements_covered": 100.0, "percent_statements_covered_display": "100"}, "missing_lines": [], "excluded_lines": [], "functions": {"": {"executed_lines": [1, 12], "summary": {"covered_lines": 1, "num_statements": 1, "percent_covered": 100.0, "percent_covered_display": "100", "missing_lines": 0, "excluded_lines": 0, "percent_statements_covered": 100.0, "percent_statements_covered_display": "100"}, "missing_lines": [], "excluded_lines": []}}, "classes": {"": {"executed_lines": [1, 12], "summary": {"covered_lines": 1, "num_statements": 1, "percent_covered": 100.0, "percent_covered_display": "100", "missing_lines": 0, "excluded_lines": 0, "percent_statements_covered": 100.0, "percent_statements_covered_display": "100"}, "missing_lines": [], "excluded_lines": []}}}, "C:\\X\\Color_total\\Color_meter\\src\\core\\angular_profiler.py": {"executed_lines": [], "summary": {"covered_lines": 0, "num_statements": 101, "percent_covered": 0.0, "percent_covered_display": "0", "missing_lines": 101, "excluded_lines": 0, "percent_statements_covered": 0.0, "percent_statements_covered_display": "0"}, "missing_lines": [8, 9, 10, 11, 13, 16, 17, 27, 28, 29, 32, 33, 55, 56, 57, 58, 59, 60, 61, 62, 63, 64, 65, 66, 67, 70, 73, 76, 92, 99, 100, 102, 144, 145, 147, 148, 150, 151, 153, 154, 156, 163, 166, 167, 168, 169, 172, 173, 175, 176, 179, 182, 184, 185, 186, 189, 190, 191, 194, 195, 197, 198, 199, 202, 203, 204, 208, 209, 212, 213, 214, 215, 216, 217, 220, 222, 224, 225, 226, 229, 231, 232, 233, 236, 238, 254, 256, 260, 261, 263, 265, 279, 280, 281, 282, 284, 295, 296, 298, 309, 310], "excluded_lines": [], "functions": {"AngularProfiler.__init__": {"executed_lines": [], "summary": {"covered_lines": 0, "num_statements": 2, "percent_covered": 0.0, "percent_covered_display": "0", "missing_lines": 2, "excluded_lines": 0, "percent_statements_covered": 0.0, "percent_statements_covered_display": "0"}, "missing_lines": [99, 100], "excluded_lines": []}, "AngularProfiler.extract_2d_profile": {"executed_lines": [], "summary": {"covered_lines": 0, "num_statements": 58, "percent_covered": 0.0, "percent_covered_display": "0", "missing_lines": 58, "excluded_lines": 0, "percent_statements_covered": 0.0, "percent_statements_covered_display": "0"}, "missing_lines": [144, 145, 147, 148, 150, 151, 153, 154, 156, 163, 166, 167, 168, 169, 172, 173, 175, 176, 179, 182, 184, 185, 186, 189, 190, 191, 194, 195, 197, 198, 199, 202, 203, 204, 208, 209, 212, 213, 214, 215, 216, 217, 220, 222, 224, 225, 226, 229, 231, 232, 233, 236, 238, 254, 256, 260, 261, 263], "excluded_lines": []}, "AngularProfiler.get_cell_by_indices": {"executed_lines": [], "summary": {"covered_lines": 0, "num_statements": 4, "percent_covered": 0.0, "percent_covered_display": "0", "missing_lines": 4, "excluded_lines": 0, "percent_statements_covered": 0.0, "percent_statements_covered_display": "0"}, "missing_lines": [279, 280, 281, 282], "excluded_lines": []}, "AngularProfiler.get_cells_by_ring": {"executed_lines": [], "summary": {"covered_lines": 0, "num_statements": 2, "percent_covered": 0.0, "percent_covered_display": "0", "missing_lines": 2, "excluded_lines": 0, "percent_statements_covered": 0.0, "percent_statements_covered_display": "0"}, "missing_lines": [295, 296], "excluded_lines": []}, "AngularProfiler.get_cells_by_sector": {"executed_lines": [], "summary": {"covered_lines": 0, "num_statements": 2, "percent_covered": 0.0, "percent_covered_display": "0", "missing_lines": 2, "excluded_lines": 0, "percent_statements_covered": 0.0, "percent_statements_covered_display": "0"}, "missing_lines": [309, 310], "excluded_lines": []}, "": {"executed_lines": [], "summary": {"covered_lines": 0, "num_statements": 33, "percent_covered": 0.0, "percent_covered_display": "0", "missing_lines": 33, "excluded_lines": 0, "percent_statements_covered": 0.0, "percent_statements_covered_display": "0"}, "missing_lines": [8, 9, 10, 11, 13, 16, 17, 27, 28, 29, 32, 33, 55, 56, 57, 58, 59, 60, 61, 62, 63, 64, 65, 66, 67, 70, 73, 76, 92, 102, 265, 284, 298], "excluded_lines": []}}, "classes": {"SectorConfig": {"executed_lines": [], "summary": {"covered_lines": 0, "num_statements": 0, "percent_covered": 100.0, "percent_covered_display": "100", "missing_lines": 0, "excluded_lines": 0, "percent_statements_covered": 100.0, "percent_statements_covered_display": "100"}, "missing_lines": [], "excluded_lines": []}, "RingSectorCell": {"executed_lines": [], "summary": {"covered_lines": 0, "num_statements": 0, "percent_covered": 100.0, "percent_covered_display": "100", "missing_lines": 0, "excluded_lines": 0, "percent_statements_covered": 100.0, "percent_statements_covered_display": "100"}, "missing_lines": [], "excluded_lines": []}, "AngularProfilerError": {"executed_lines": [], "summary": {"covered_lines": 0, "num_statements": 0, "percent_covered": 100.0, "percent_covered_display": "100", "missing_lines": 0, "excluded_lines": 0, "percent_statements_covered": 100.0, "percent_statements_covered_display": "100"}, "missing_lines": [], "excluded_lines": []}, "AngularProfiler": {"executed_lines": [], "summary": {"covered_lines": 0, "num_statements": 68, "percent_covered": 0.0, "percent_covered_display": "0", "missing_lines": 68, "excluded_lines": 0, "percent_statements_covered": 0.0, "percent_statements_covered_display": "0"}, "missing_lines": [99, 100, 144, 145, 147, 148, 150, 151, 153, 154, 156, 163, 166, 167, 168, 169, 172, 173, 175, 176, 179, 182, 184, 185, 186, 189, 190, 191, 194, 195, 197, 198, 199, 202, 203, 204, 208, 209, 212, 213, 214, 215, 216, 217, 220, 222, 224, 225, 226, 229, 231, 232, 233, 236, 238, 254, 256, 260, 261, 263, 279, 280, 281, 282, 295, 296, 309, 310], "excluded_lines": []}, "": {"executed_lines": [], "summary": {"covered_lines": 0, "num_statements": 33, "percent_covered": 0.0, "percent_covered_display": "0", "missing_lines": 33, "excluded_lines": 0, "percent_statements_covered": 0.0, "percent_statements_covered_display": "0"}, "missing_lines": [8, 9, 10, 11, 13, 16, 17, 27, 28, 29, 32, 33, 55, 56, 57, 58, 59, 60, 61, 62, 63, 64, 65, 66, 67, 70, 73, 76, 92, 102, 265, 284, 298], "excluded_lines": []}}}, "C:\\X\\Color_total\\Color_meter\\src\\core\\background_masker.py": {"executed_lines": [], "summary": {"covered_lines": 0, "num_statements": 126, "percent_covered": 0.0, "percent_covered_display": "0", "missing_lines": 126, "excluded_lines": 0, "percent_statements_covered": 0.0, "percent_statements_covered_display": "0"}, "missing_lines": [9, 10, 11, 12, 13, 15, 18, 19, 33, 34, 35, 36, 37, 38, 39, 42, 43, 55, 56, 57, 58, 59, 62, 65, 68, 87, 94, 95, 100, 126, 127, 129, 130, 134, 137, 138, 139, 140, 141, 142, 145, 149, 152, 153, 156, 159, 164, 167, 168, 169, 172, 173, 174, 175, 177, 185, 190, 192, 207, 210, 211, 220, 222, 224, 225, 231, 234, 236, 238, 260, 261, 263, 264, 266, 269, 272, 273, 275, 276, 278, 279, 281, 282, 285, 288, 289, 290, 291, 294, 295, 296, 298, 306, 307, 309, 311, 327, 328, 329, 330, 332, 333, 335, 345, 348, 350, 352, 354, 366, 367, 368, 369, 372, 374, 376, 378, 379, 381, 382, 384, 395, 398, 403, 406, 409, 411], "excluded_lines": [], "functions": {"BackgroundMasker.__init__": {"executed_lines": [], "summary": {"covered_lines": 0, "num_statements": 2, "percent_covered": 0.0, "percent_covered_display": "0", "missing_lines": 2, "excluded_lines": 0, "percent_statements_covered": 0.0, "percent_statements_covered_display": "0"}, "missing_lines": [94, 95], "excluded_lines": []}, "BackgroundMasker.create_advanced_mask": {"executed_lines": [], "summary": {"covered_lines": 0, "num_statements": 28, "percent_covered": 0.0, "percent_covered_display": "0", "missing_lines": 28, "excluded_lines": 0, "percent_statements_covered": 0.0, "percent_statements_covered_display": "0"}, "missing_lines": [126, 127, 129, 130, 134, 137, 138, 139, 140, 141, 142, 145, 149, 152, 153, 156, 159, 164, 167, 168, 169, 172, 173, 174, 175, 177, 185, 190], "excluded_lines": []}, "BackgroundMasker._sample_background_color": {"executed_lines": [], "summary": {"covered_lines": 0, "num_statements": 10, "percent_covered": 0.0, "percent_covered_display": "0", "missing_lines": 10, "excluded_lines": 0, "percent_statements_covered": 0.0, "percent_statements_covered_display": "0"}, "missing_lines": [207, 210, 211, 220, 222, 224, 225, 231, 234, 236], "excluded_lines": []}, "BackgroundMasker.create_mask": {"executed_lines": [], "summary": {"covered_lines": 0, "num_statements": 26, "percent_covered": 0.0, "percent_covered_display": "0", "missing_lines": 26, "excluded_lines": 0, "percent_statements_covered": 0.0, "percent_statements_covered_display": "0"}, "missing_lines": [260, 261, 263, 264, 266, 269, 272, 273, 275, 276, 278, 279, 281, 282, 285, 288, 289, 290, 291, 294, 295, 296, 298, 306, 307, 309], "excluded_lines": []}, "BackgroundMasker._create_circular_mask": {"executed_lines": [], "summary": {"covered_lines": 0, "num_statements": 6, "percent_covered": 0.0, "percent_covered_display": "0", "missing_lines": 6, "excluded_lines": 0, "percent_statements_covered": 0.0, "percent_statements_covered_display": "0"}, "missing_lines": [327, 328, 329, 330, 332, 333], "excluded_lines": []}, "BackgroundMasker._filter_by_luminance": {"executed_lines": [], "summary": {"covered_lines": 0, "num_statements": 4, "percent_covered": 0.0, "percent_covered_display": "0", "missing_lines": 4, "excluded_lines": 0, "percent_statements_covered": 0.0, "percent_statements_covered_display": "0"}, "missing_lines": [345, 348, 350, 352], "excluded_lines": []}, "BackgroundMasker._filter_by_saturation": {"executed_lines": [], "summary": {"covered_lines": 0, "num_statements": 11, "percent_covered": 0.0, "percent_covered_display": "0", "missing_lines": 11, "excluded_lines": 0, "percent_statements_covered": 0.0, "percent_statements_covered_display": "0"}, "missing_lines": [366, 367, 368, 369, 372, 374, 376, 378, 379, 381, 382], "excluded_lines": []}, "BackgroundMasker._apply_morphology": {"executed_lines": [], "summary": {"covered_lines": 0, "num_statements": 6, "percent_covered": 0.0, "percent_covered_display": "0", "missing_lines": 6, "excluded_lines": 0, "percent_statements_covered": 0.0, "percent_statements_covered_display": "0"}, "missing_lines": [395, 398, 403, 406, 409, 411], "excluded_lines": []}, "": {"executed_lines": [], "summary": {"covered_lines": 0, "num_statements": 33, "percent_covered": 0.0, "percent_covered_display": "0", "missing_lines": 33, "excluded_lines": 0, "percent_statements_covered": 0.0, "percent_statements_covered_display": "0"}, "missing_lines": [9, 10, 11, 12, 13, 15, 18, 19, 33, 34, 35, 36, 37, 38, 39, 42, 43, 55, 56, 57, 58, 59, 62, 65, 68, 87, 100, 192, 238, 311, 335, 354, 384], "excluded_lines": []}}, "classes": {"MaskConfig": {"executed_lines": [], "summary": {"covered_lines": 0, "num_statements": 0, "percent_covered": 100.0, "percent_covered_display": "100", "missing_lines": 0, "excluded_lines": 0, "percent_statements_covered": 100.0, "percent_statements_covered_display": "100"}, "missing_lines": [], "excluded_lines": []}, "MaskResult": {"executed_lines": [], "summary": {"covered_lines": 0, "num_statements": 0, "percent_covered": 100.0, "percent_covered_display": "100", "missing_lines": 0, "excluded_lines": 0, "percent_statements_covered": 100.0, "percent_statements_covered_display": "100"}, "missing_lines": [], "excluded_lines": []}, "BackgroundMaskerError": {"executed_lines": [], "summary": {"covered_lines": 0, "num_statements": 0, "percent_covered": 100.0, "percent_covered_display": "100", "missing_lines": 0, "excluded_lines": 0, "percent_statements_covered": 100.0, "percent_statements_covered_display": "100"}, "missing_lines": [], "excluded_lines": []}, "BackgroundMasker": {"executed_lines": [], "summary": {"covered_lines": 0, "num_statements": 93, "percent_covered": 0.0, "percent_covered_display": "0", "missing_lines": 93, "excluded_lines": 0, "percent_statements_covered": 0.0, "percent_statements_covered_display": "0"}, "missing_lines": [94, 95, 126, 127, 129, 130, 134, 137, 138, 139, 140, 141, 142, 145, 149, 152, 153, 156, 159, 164, 167, 168, 169, 172, 173, 174, 175, 177, 185, 190, 207, 210, 211, 220, 222, 224, 225, 231, 234, 236, 260, 261, 263, 264, 266, 269, 272, 273, 275, 276, 278, 279, 281, 282, 285, 288, 289, 290, 291, 294, 295, 296, 298, 306, 307, 309, 327, 328, 329, 330, 332, 333, 345, 348, 350, 352, 366, 367, 368, 369, 372, 374, 376, 378, 379, 381, 382, 395, 398, 403, 406, 409, 411], "excluded_lines": []}, "": {"executed_lines": [], "summary": {"covered_lines": 0, "num_statements": 33, "percent_covered": 0.0, "percent_covered_display": "0", "missing_lines": 33, "excluded_lines": 0, "percent_statements_covered": 0.0, "percent_statements_covered_display": "0"}, "missing_lines": [9, 10, 11, 12, 13, 15, 18, 19, 33, 34, 35, 36, 37, 38, 39, 42, 43, 55, 56, 57, 58, 59, 62, 65, 68, 87, 100, 192, 238, 311, 335, 354, 384], "excluded_lines": []}}}, "C:\\X\\Color_total\\Color_meter\\src\\core\\boundary_detector.py": {"executed_lines": [], "summary": {"covered_lines": 0, "num_statements": 99, "percent_covered": 0.0, "percent_covered_display": "0", "missing_lines": 99, "excluded_lines": 0, "percent_statements_covered": 0.0, "percent_statements_covered_display": "0"}, "missing_lines": [8, 9, 10, 11, 13, 15, 18, 19, 31, 32, 33, 34, 35, 38, 39, 51, 52, 53, 54, 55, 58, 61, 64, 79, 86, 87, 89, 108, 109, 111, 112, 115, 118, 119, 122, 123, 124, 125, 127, 130, 131, 134, 135, 137, 138, 139, 141, 153, 157, 159, 170, 171, 173, 183, 184, 185, 188, 189, 191, 193, 207, 208, 210, 214, 215, 216, 217, 220, 221, 222, 226, 227, 228, 229, 232, 233, 234, 237, 238, 240, 242, 254, 257, 258, 259, 260, 263, 264, 265, 268, 269, 270, 271, 274, 275, 276, 279, 280, 282], "excluded_lines": [], "functions": {"BoundaryDetector.__init__": {"executed_lines": [], "summary": {"covered_lines": 0, "num_statements": 2, "percent_covered": 0.0, "percent_covered_display": "0", "missing_lines": 2, "excluded_lines": 0, "percent_statements_covered": 0.0, "percent_statements_covered_display": "0"}, "missing_lines": [86, 87], "excluded_lines": []}, "BoundaryDetector.detect_boundaries": {"executed_lines": [], "summary": {"covered_lines": 0, "num_statements": 22, "percent_covered": 0.0, "percent_covered_display": "0", "missing_lines": 22, "excluded_lines": 0, "percent_statements_covered": 0.0, "percent_statements_covered_display": "0"}, "missing_lines": [108, 109, 111, 112, 115, 118, 119, 122, 123, 124, 125, 127, 130, 131, 134, 135, 137, 138, 139, 141, 153, 157], "excluded_lines": []}, "BoundaryDetector._calculate_combined_std": {"executed_lines": [], "summary": {"covered_lines": 0, "num_statements": 2, "percent_covered": 0.0, "percent_covered_display": "0", "missing_lines": 2, "excluded_lines": 0, "percent_statements_covered": 0.0, "percent_statements_covered_display": "0"}, "missing_lines": [170, 171], "excluded_lines": []}, "BoundaryDetector._smooth_profile": {"executed_lines": [], "summary": {"covered_lines": 0, "num_statements": 6, "percent_covered": 0.0, "percent_covered_display": "0", "missing_lines": 6, "excluded_lines": 0, "percent_statements_covered": 0.0, "percent_statements_covered_display": "0"}, "missing_lines": [183, 184, 185, 188, 189, 191], "excluded_lines": []}, "BoundaryDetector._detect_by_std_threshold": {"executed_lines": [], "summary": {"covered_lines": 0, "num_statements": 20, "percent_covered": 0.0, "percent_covered_display": "0", "missing_lines": 20, "excluded_lines": 0, "percent_statements_covered": 0.0, "percent_statements_covered_display": "0"}, "missing_lines": [207, 208, 210, 214, 215, 216, 217, 220, 221, 222, 226, 227, 228, 229, 232, 233, 234, 237, 238, 240], "excluded_lines": []}, "BoundaryDetector._detect_by_gradient": {"executed_lines": [], "summary": {"covered_lines": 0, "num_statements": 18, "percent_covered": 0.0, "percent_covered_display": "0", "missing_lines": 18, "excluded_lines": 0, "percent_statements_covered": 0.0, "percent_statements_covered_display": "0"}, "missing_lines": [254, 257, 258, 259, 260, 263, 264, 265, 268, 269, 270, 271, 274, 275, 276, 279, 280, 282], "excluded_lines": []}, "": {"executed_lines": [], "summary": {"covered_lines": 0, "num_statements": 29, "percent_covered": 0.0, "percent_covered_display": "0", "missing_lines": 29, "excluded_lines": 0, "percent_statements_covered": 0.0, "percent_statements_covered_display": "0"}, "missing_lines": [8, 9, 10, 11, 13, 15, 18, 19, 31, 32, 33, 34, 35, 38, 39, 51, 52, 53, 54, 55, 58, 61, 64, 79, 89, 159, 173, 193, 242], "excluded_lines": []}}, "classes": {"BoundaryConfig": {"executed_lines": [], "summary": {"covered_lines": 0, "num_statements": 0, "percent_covered": 100.0, "percent_covered_display": "100", "missing_lines": 0, "excluded_lines": 0, "percent_statements_covered": 100.0, "percent_statements_covered_display": "100"}, "missing_lines": [], "excluded_lines": []}, "BoundaryResult": {"executed_lines": [], "summary": {"covered_lines": 0, "num_statements": 0, "percent_covered": 100.0, "percent_covered_display": "100", "missing_lines": 0, "excluded_lines": 0, "percent_statements_covered": 100.0, "percent_statements_covered_display": "100"}, "missing_lines": [], "excluded_lines": []}, "BoundaryDetectorError": {"executed_lines": [], "summary": {"covered_lines": 0, "num_statements": 0, "percent_covered": 100.0, "percent_covered_display": "100", "missing_lines": 0, "excluded_lines": 0, "percent_statements_covered": 100.0, "percent_statements_covered_display": "100"}, "missing_lines": [], "excluded_lines": []}, "BoundaryDetector": {"executed_lines": [], "summary": {"covered_lines": 0, "num_statements": 70, "percent_covered": 0.0, "percent_covered_display": "0", "missing_lines": 70, "excluded_lines": 0, "percent_statements_covered": 0.0, "percent_statements_covered_display": "0"}, "missing_lines": [86, 87, 108, 109, 111, 112, 115, 118, 119, 122, 123, 124, 125, 127, 130, 131, 134, 135, 137, 138, 139, 141, 153, 157, 170, 171, 183, 184, 185, 188, 189, 191, 207, 208, 210, 214, 215, 216, 217, 220, 221, 222, 226, 227, 228, 229, 232, 233, 234, 237, 238, 240, 254, 257, 258, 259, 260, 263, 264, 265, 268, 269, 270, 271, 274, 275, 276, 279, 280, 282], "excluded_lines": []}, "": {"executed_lines": [], "summary": {"covered_lines": 0, "num_statements": 29, "percent_covered": 0.0, "percent_covered_display": "0", "missing_lines": 29, "excluded_lines": 0, "percent_statements_covered": 0.0, "percent_statements_covered_display": "0"}, "missing_lines": [8, 9, 10, 11, 13, 15, 18, 19, 31, 32, 33, 34, 35, 38, 39, 51, 52, 53, 54, 55, 58, 61, 64, 79, 89, 159, 173, 193, 242], "excluded_lines": []}}}, "C:\\X\\Color_total\\Color_meter\\src\\core\\color_evaluator.py": {"executed_lines": [1, 8, 9, 10, 11, 13, 15, 16, 18, 21, 33, 34, 36, 37, 38, 39, 40, 42, 43, 44, 45, 46, 47, 49, 52, 53, 54, 72, 73, 74, 75, 76, 77, 78, 79, 80, 81, 82, 83, 86, 87, 88, 115, 116, 117, 118, 119, 120, 121, 122, 123, 124, 125, 126, 127, 128, 129, 130, 131, 132, 133, 134, 135, 136, 139, 140, 142, 145, 146, 153, 171, 322, 351, 381, 439], "summary": {"covered_lines": 70, "num_statements": 175, "percent_covered": 40.0, "percent_covered_display": "40", "missing_lines": 105, "excluded_lines": 1, "percent_statements_covered": 40.0, "percent_statements_covered_display": "40"}, "missing_lines": [169, 187, 189, 190, 192, 193, 196, 197, 198, 199, 202, 203, 204, 206, 207, 209, 211, 213, 215, 217, 218, 223, 224, 225, 229, 231, 234, 235, 238, 239, 242, 243, 246, 248, 261, 264, 265, 268, 269, 270, 281, 282, 284, 285, 286, 287, 288, 294, 295, 298, 301, 304, 306, 316, 320, 337, 338, 339, 340, 341, 342, 343, 345, 347, 348, 349, 361, 362, 366, 367, 368, 369, 370, 372, 373, 375, 376, 379, 400, 405, 409, 411, 419, 422, 425, 426, 427, 428, 430, 432, 455, 458, 459, 461, 464, 465, 467, 468, 470, 471, 473, 475, 479, 481, 483], "excluded_lines": [154], "functions": {"describe_color_shift": {"executed_lines": [33, 34, 36, 37, 38, 39, 40, 42, 43, 44, 45, 46, 47, 49], "summary": {"covered_lines": 14, "num_statements": 14, "percent_covered": 100.0, "percent_covered_display": "100", "missing_lines": 0, "excluded_lines": 0, "percent_statements_covered": 100.0, "percent_statements_covered_display": "100"}, "missing_lines": [], "excluded_lines": []}, "ColorEvaluator.__init__": {"executed_lines": [], "summary": {"covered_lines": 0, "num_statements": 1, "percent_covered": 0.0, "percent_covered_display": "0", "missing_lines": 1, "excluded_lines": 1, "percent_statements_covered": 0.0, "percent_statements_covered_display": "0"}, "missing_lines": [169], "excluded_lines": [154]}, "ColorEvaluator.evaluate": {"executed_lines": [], "summary": {"covered_lines": 0, "num_statements": 54, "percent_covered": 0.0, "percent_covered_display": "0", "missing_lines": 54, "excluded_lines": 0, "percent_statements_covered": 0.0, "percent_statements_covered_display": "0"}, "missing_lines": [187, 189, 190, 192, 193, 196, 197, 198, 199, 202, 203, 204, 206, 207, 209, 211, 213, 215, 217, 218, 223, 224, 225, 229, 231, 234, 235, 238, 239, 242, 243, 246, 248, 261, 264, 265, 268, 269, 270, 281, 282, 284, 285, 286, 287, 288, 294, 295, 298, 301, 304, 306, 316, 320], "excluded_lines": []}, "ColorEvaluator.calculate_delta_e": {"executed_lines": [], "summary": {"covered_lines": 0, "num_statements": 11, "percent_covered": 0.0, "percent_covered_display": "0", "missing_lines": 11, "excluded_lines": 0, "percent_statements_covered": 0.0, "percent_statements_covered_display": "0"}, "missing_lines": [337, 338, 339, 340, 341, 342, 343, 345, 347, 348, 349], "excluded_lines": []}, "ColorEvaluator._calculate_confidence": {"executed_lines": [], "summary": {"covered_lines": 0, "num_statements": 12, "percent_covered": 0.0, "percent_covered_display": "0", "missing_lines": 12, "excluded_lines": 0, "percent_statements_covered": 0.0, "percent_statements_covered_display": "0"}, "missing_lines": [361, 362, 366, 367, 368, 369, 370, 372, 373, 375, 376, 379], "excluded_lines": []}, "ColorEvaluator._calculate_zone_statistics": {"executed_lines": [], "summary": {"covered_lines": 0, "num_statements": 12, "percent_covered": 0.0, "percent_covered_display": "0", "missing_lines": 12, "excluded_lines": 0, "percent_statements_covered": 0.0, "percent_statements_covered_display": "0"}, "missing_lines": [400, 405, 409, 411, 419, 422, 425, 426, 427, 428, 430, 432], "excluded_lines": []}, "ColorEvaluator.evaluate_with_mix_check": {"executed_lines": [], "summary": {"covered_lines": 0, "num_statements": 15, "percent_covered": 0.0, "percent_covered_display": "0", "missing_lines": 15, "excluded_lines": 0, "percent_statements_covered": 0.0, "percent_statements_covered_display": "0"}, "missing_lines": [455, 458, 459, 461, 464, 465, 467, 468, 470, 471, 473, 475, 479, 481, 483], "excluded_lines": []}, "": {"executed_lines": [1, 8, 9, 10, 11, 13, 15, 16, 18, 21, 52, 53, 54, 72, 73, 74, 75, 76, 77, 78, 79, 80, 81, 82, 83, 86, 87, 88, 115, 116, 117, 118, 119, 120, 121, 122, 123, 124, 125, 126, 127, 128, 129, 130, 131, 132, 133, 134, 135, 136, 139, 140, 142, 145, 146, 153, 171, 322, 351, 381, 439], "summary": {"covered_lines": 56, "num_statements": 56, "percent_covered": 100.0, "percent_covered_display": "100", "missing_lines": 0, "excluded_lines": 0, "percent_statements_covered": 100.0, "percent_statements_covered_display": "100"}, "missing_lines": [], "excluded_lines": []}}, "classes": {"ZoneResult": {"executed_lines": [], "summary": {"covered_lines": 0, "num_statements": 0, "percent_covered": 100.0, "percent_covered_display": "100", "missing_lines": 0, "excluded_lines": 0, "percent_statements_covered": 100.0, "percent_statements_covered_display": "100"}, "missing_lines": [], "excluded_lines": []}, "InspectionResult": {"executed_lines": [], "summary": {"covered_lines": 0, "num_statements": 0, "percent_covered": 100.0, "percent_covered_display": "100", "missing_lines": 0, "excluded_lines": 0, "percent_statements_covered": 100.0, "percent_statements_covered_display": "100"}, "missing_lines": [], "excluded_lines": []}, "ColorEvaluationError": {"executed_lines": [], "summary": {"covered_lines": 0, "num_statements": 0, "percent_covered": 100.0, "percent_covered_display": "100", "missing_lines": 0, "excluded_lines": 0, "percent_statements_covered": 100.0, "percent_statements_covered_display": "100"}, "missing_lines": [], "excluded_lines": []}, "ColorEvaluator": {"executed_lines": [], "summary": {"covered_lines": 0, "num_statements": 105, "percent_covered": 0.0, "percent_covered_display": "0", "missing_lines": 105, "excluded_lines": 1, "percent_statements_covered": 0.0, "percent_statements_covered_display": "0"}, "missing_lines": [169, 187, 189, 190, 192, 193, 196, 197, 198, 199, 202, 203, 204, 206, 207, 209, 211, 213, 215, 217, 218, 223, 224, 225, 229, 231, 234, 235, 238, 239, 242, 243, 246, 248, 261, 264, 265, 268, 269, 270, 281, 282, 284, 285, 286, 287, 288, 294, 295, 298, 301, 304, 306, 316, 320, 337, 338, 339, 340, 341, 342, 343, 345, 347, 348, 349, 361, 362, 366, 367, 368, 369, 370, 372, 373, 375, 376, 379, 400, 405, 409, 411, 419, 422, 425, 426, 427, 428, 430, 432, 455, 458, 459, 461, 464, 465, 467, 468, 470, 471, 473, 475, 479, 481, 483], "excluded_lines": [154]}, "": {"executed_lines": [1, 8, 9, 10, 11, 13, 15, 16, 18, 21, 33, 34, 36, 37, 38, 39, 40, 42, 43, 44, 45, 46, 47, 49, 52, 53, 54, 72, 73, 74, 75, 76, 77, 78, 79, 80, 81, 82, 83, 86, 87, 88, 115, 116, 117, 118, 119, 120, 121, 122, 123, 124, 125, 126, 127, 128, 129, 130, 131, 132, 133, 134, 135, 136, 139, 140, 142, 145, 146, 153, 171, 322, 351, 381, 439], "summary": {"covered_lines": 70, "num_statements": 70, "percent_covered": 100.0, "percent_covered_display": "100", "missing_lines": 0, "excluded_lines": 0, "percent_statements_covered": 100.0, "percent_statements_covered_display": "100"}, "missing_lines": [], "excluded_lines": []}}}, "C:\\X\\Color_total\\Color_meter\\src\\core\\illumination_corrector.py": {"executed_lines": [], "summary": {"covered_lines": 0, "num_statements": 204, "percent_covered": 0.0, "percent_covered_display": "0", "missing_lines": 204, "excluded_lines": 0, "percent_statements_covered": 0.0, "percent_statements_covered_display": "0"}, "missing_lines": [10, 11, 12, 13, 14, 16, 19, 20, 38, 39, 40, 41, 42, 43, 46, 47, 62, 63, 64, 65, 66, 67, 68, 69, 72, 75, 78, 97, 104, 105, 109, 134, 135, 137, 138, 141, 142, 143, 145, 148, 149, 153, 156, 157, 158, 159, 161, 164, 166, 174, 176, 178, 194, 195, 198, 199, 200, 201, 204, 205, 206, 208, 210, 211, 212, 215, 216, 217, 220, 221, 223, 226, 228, 230, 241, 242, 244, 247, 248, 250, 252, 253, 256, 257, 260, 265, 267, 269, 280, 281, 283, 286, 288, 291, 296, 298, 300, 316, 317, 320, 321, 322, 323, 326, 327, 328, 329, 332, 334, 336, 339, 340, 342, 344, 362, 363, 364, 367, 370, 373, 374, 375, 376, 377, 378, 379, 380, 382, 385, 388, 390, 396, 405, 409, 410, 413, 414, 416, 421, 423, 436, 439, 440, 441, 442, 444, 445, 446, 449, 450, 451, 452, 455, 456, 457, 458, 461, 463, 468, 470, 483, 486, 487, 488, 489, 491, 492, 493, 496, 497, 498, 501, 502, 503, 504, 507, 509, 514, 516, 530, 533, 534, 537, 538, 541, 542, 544, 545, 546, 548, 549, 551, 564, 565, 566, 567, 569, 570, 571, 574, 575, 576, 579, 581], "excluded_lines": [], "functions": {"IlluminationCorrector.__init__": {"executed_lines": [], "summary": {"covered_lines": 0, "num_statements": 2, "percent_covered": 0.0, "percent_covered_display": "0", "missing_lines": 2, "excluded_lines": 0, "percent_statements_covered": 0.0, "percent_statements_covered_display": "0"}, "missing_lines": [104, 105], "excluded_lines": []}, "IlluminationCorrector.correct": {"executed_lines": [], "summary": {"covered_lines": 0, "num_statements": 20, "percent_covered": 0.0, "percent_covered_display": "0", "missing_lines": 20, "excluded_lines": 0, "percent_statements_covered": 0.0, "percent_statements_covered_display": "0"}, "missing_lines": [134, 135, 137, 138, 141, 142, 143, 145, 148, 149, 153, 156, 157, 158, 159, 161, 164, 166, 174, 176], "excluded_lines": []}, "IlluminationCorrector._calculate_luminance_profile": {"executed_lines": [], "summary": {"covered_lines": 0, "num_statements": 21, "percent_covered": 0.0, "percent_covered_display": "0", "missing_lines": 21, "excluded_lines": 0, "percent_statements_covered": 0.0, "percent_statements_covered_display": "0"}, "missing_lines": [194, 195, 198, 199, 200, 201, 204, 205, 206, 208, 210, 211, 212, 215, 216, 217, 220, 221, 223, 226, 228], "excluded_lines": []}, "IlluminationCorrector._polynomial_correction": {"executed_lines": [], "summary": {"covered_lines": 0, "num_statements": 13, "percent_covered": 0.0, "percent_covered_display": "0", "missing_lines": 13, "excluded_lines": 0, "percent_statements_covered": 0.0, "percent_statements_covered_display": "0"}, "missing_lines": [241, 242, 244, 247, 248, 250, 252, 253, 256, 257, 260, 265, 267], "excluded_lines": []}, "IlluminationCorrector._gaussian_correction": {"executed_lines": [], "summary": {"covered_lines": 0, "num_statements": 8, "percent_covered": 0.0, "percent_covered_display": "0", "missing_lines": 8, "excluded_lines": 0, "percent_statements_covered": 0.0, "percent_statements_covered_display": "0"}, "missing_lines": [280, 281, 283, 286, 288, 291, 296, 298], "excluded_lines": []}, "IlluminationCorrector._apply_correction": {"executed_lines": [], "summary": {"covered_lines": 0, "num_statements": 16, "percent_covered": 0.0, "percent_covered_display": "0", "missing_lines": 16, "excluded_lines": 0, "percent_statements_covered": 0.0, "percent_statements_covered_display": "0"}, "missing_lines": [316, 317, 320, 321, 322, 323, 326, 327, 328, 329, 332, 334, 336, 339, 340, 342], "excluded_lines": []}, "IlluminationCorrector._correct_white_balance": {"executed_lines": [], "summary": {"covered_lines": 0, "num_statements": 18, "percent_covered": 0.0, "percent_covered_display": "0", "missing_lines": 18, "excluded_lines": 0, "percent_statements_covered": 0.0, "percent_statements_covered_display": "0"}, "missing_lines": [362, 363, 364, 367, 370, 373, 374, 375, 376, 377, 378, 379, 380, 382, 385, 388, 390, 396], "excluded_lines": []}, "IlluminationCorrector._create_roi_mask": {"executed_lines": [], "summary": {"covered_lines": 0, "num_statements": 6, "percent_covered": 0.0, "percent_covered_display": "0", "missing_lines": 6, "excluded_lines": 0, "percent_statements_covered": 0.0, "percent_statements_covered_display": "0"}, "missing_lines": [409, 410, 413, 414, 416, 421], "excluded_lines": []}, "IlluminationCorrector._gray_world": {"executed_lines": [], "summary": {"covered_lines": 0, "num_statements": 19, "percent_covered": 0.0, "percent_covered_display": "0", "missing_lines": 19, "excluded_lines": 0, "percent_statements_covered": 0.0, "percent_statements_covered_display": "0"}, "missing_lines": [436, 439, 440, 441, 442, 444, 445, 446, 449, 450, 451, 452, 455, 456, 457, 458, 461, 463, 468], "excluded_lines": []}, "IlluminationCorrector._white_patch": {"executed_lines": [], "summary": {"covered_lines": 0, "num_statements": 18, "percent_covered": 0.0, "percent_covered_display": "0", "missing_lines": 18, "excluded_lines": 0, "percent_statements_covered": 0.0, "percent_statements_covered_display": "0"}, "missing_lines": [483, 486, 487, 488, 489, 491, 492, 493, 496, 497, 498, 501, 502, 503, 504, 507, 509, 514], "excluded_lines": []}, "IlluminationCorrector._auto_select": {"executed_lines": [], "summary": {"covered_lines": 0, "num_statements": 12, "percent_covered": 0.0, "percent_covered_display": "0", "missing_lines": 12, "excluded_lines": 0, "percent_statements_covered": 0.0, "percent_statements_covered_display": "0"}, "missing_lines": [530, 533, 534, 537, 538, 541, 542, 544, 545, 546, 548, 549], "excluded_lines": []}, "IlluminationCorrector._calculate_channel_deviation": {"executed_lines": [], "summary": {"covered_lines": 0, "num_statements": 12, "percent_covered": 0.0, "percent_covered_display": "0", "missing_lines": 12, "excluded_lines": 0, "percent_statements_covered": 0.0, "percent_statements_covered_display": "0"}, "missing_lines": [564, 565, 566, 567, 569, 570, 571, 574, 575, 576, 579, 581], "excluded_lines": []}, "": {"executed_lines": [], "summary": {"covered_lines": 0, "num_statements": 39, "percent_covered": 0.0, "percent_covered_display": "0", "missing_lines": 39, "excluded_lines": 0, "percent_statements_covered": 0.0, "percent_statements_covered_display": "0"}, "missing_lines": [10, 11, 12, 13, 14, 16, 19, 20, 38, 39, 40, 41, 42, 43, 46, 47, 62, 63, 64, 65, 66, 67, 68, 69, 72, 75, 78, 97, 109, 178, 230, 269, 300, 344, 405, 423, 470, 516, 551], "excluded_lines": []}}, "classes": {"CorrectorConfig": {"executed_lines": [], "summary": {"covered_lines": 0, "num_statements": 0, "percent_covered": 100.0, "percent_covered_display": "100", "missing_lines": 0, "excluded_lines": 0, "percent_statements_covered": 100.0, "percent_statements_covered_display": "100"}, "missing_lines": [], "excluded_lines": []}, "CorrectionResult": {"executed_lines": [], "summary": {"covered_lines": 0, "num_statements": 0, "percent_covered": 100.0, "percent_covered_display": "100", "missing_lines": 0, "excluded_lines": 0, "percent_statements_covered": 100.0, "percent_statements_covered_display": "100"}, "missing_lines": [], "excluded_lines": []}, "IlluminationCorrectorError": {"executed_lines": [], "summary": {"covered_lines": 0, "num_statements": 0, "percent_covered": 100.0, "percent_covered_display": "100", "missing_lines": 0, "excluded_lines": 0, "percent_statements_covered": 100.0, "percent_statements_covered_display": "100"}, "missing_lines": [], "excluded_lines": []}, "IlluminationCorrector": {"executed_lines": [], "summary": {"covered_lines": 0, "num_statements": 165, "percent_covered": 0.0, "percent_covered_display": "0", "missing_lines": 165, "excluded_lines": 0, "percent_statements_covered": 0.0, "percent_statements_covered_display": "0"}, "missing_lines": [104, 105, 134, 135, 137, 138, 141, 142, 143, 145, 148, 149, 153, 156, 157, 158, 159, 161, 164, 166, 174, 176, 194, 195, 198, 199, 200, 201, 204, 205, 206, 208, 210, 211, 212, 215, 216, 217, 220, 221, 223, 226, 228, 241, 242, 244, 247, 248, 250, 252, 253, 256, 257, 260, 265, 267, 280, 281, 283, 286, 288, 291, 296, 298, 316, 317, 320, 321, 322, 323, 326, 327, 328, 329, 332, 334, 336, 339, 340, 342, 362, 363, 364, 367, 370, 373, 374, 375, 376, 377, 378, 379, 380, 382, 385, 388, 390, 396, 409, 410, 413, 414, 416, 421, 436, 439, 440, 441, 442, 444, 445, 446, 449, 450, 451, 452, 455, 456, 457, 458, 461, 463, 468, 483, 486, 487, 488, 489, 491, 492, 493, 496, 497, 498, 501, 502, 503, 504, 507, 509, 514, 530, 533, 534, 537, 538, 541, 542, 544, 545, 546, 548, 549, 564, 565, 566, 567, 569, 570, 571, 574, 575, 576, 579, 581], "excluded_lines": []}, "": {"executed_lines": [], "summary": {"covered_lines": 0, "num_statements": 39, "percent_covered": 0.0, "percent_covered_display": "0", "missing_lines": 39, "excluded_lines": 0, "percent_statements_covered": 0.0, "percent_statements_covered_display": "0"}, "missing_lines": [10, 11, 12, 13, 14, 16, 19, 20, 38, 39, 40, 41, 42, 43, 46, 47, 62, 63, 64, 65, 66, 67, 68, 69, 72, 75, 78, 97, 109, 178, 230, 269, 300, 344, 405, 423, 470, 516, 551], "excluded_lines": []}}}, "C:\\X\\Color_total\\Color_meter\\src\\core\\image_loader.py": {"executed_lines": [], "summary": {"covered_lines": 0, "num_statements": 114, "percent_covered": 0.0, "percent_covered_display": "0", "missing_lines": 114, "excluded_lines": 0, "percent_statements_covered": 0.0, "percent_statements_covered_display": "0"}, "missing_lines": [1, 2, 3, 4, 6, 7, 9, 10, 12, 15, 16, 17, 18, 19, 21, 22, 23, 24, 25, 27, 28, 30, 31, 34, 35, 36, 37, 39, 40, 41, 42, 43, 44, 45, 46, 47, 49, 50, 51, 52, 53, 54, 55, 56, 57, 59, 60, 61, 62, 63, 65, 68, 69, 70, 71, 72, 74, 75, 76, 77, 80, 81, 84, 85, 87, 89, 90, 91, 92, 93, 94, 95, 98, 100, 101, 102, 103, 104, 105, 107, 108, 109, 110, 111, 113, 114, 115, 117, 119, 120, 121, 123, 124, 125, 126, 128, 129, 130, 131, 132, 133, 134, 135, 137, 138, 140, 141, 143, 144, 146, 147, 148, 149, 151], "excluded_lines": [], "functions": {"ImageLoader.__init__": {"executed_lines": [], "summary": {"covered_lines": 0, "num_statements": 2, "percent_covered": 0.0, "percent_covered_display": "0", "missing_lines": 2, "excluded_lines": 0, "percent_statements_covered": 0.0, "percent_statements_covered_display": "0"}, "missing_lines": [36, 37], "excluded_lines": []}, "ImageLoader.load_from_file": {"executed_lines": [], "summary": {"covered_lines": 0, "num_statements": 8, "percent_covered": 0.0, "percent_covered_display": "0", "missing_lines": 8, "excluded_lines": 0, "percent_statements_covered": 0.0, "percent_statements_covered_display": "0"}, "missing_lines": [40, 41, 42, 43, 44, 45, 46, 47], "excluded_lines": []}, "ImageLoader.load_from_camera": {"executed_lines": [], "summary": {"covered_lines": 0, "num_statements": 8, "percent_covered": 0.0, "percent_covered_display": "0", "missing_lines": 8, "excluded_lines": 0, "percent_statements_covered": 0.0, "percent_statements_covered_display": "0"}, "missing_lines": [50, 51, 52, 53, 54, 55, 56, 57], "excluded_lines": []}, "ImageLoader.preprocess": {"executed_lines": [], "summary": {"covered_lines": 0, "num_statements": 19, "percent_covered": 0.0, "percent_covered_display": "0", "missing_lines": 19, "excluded_lines": 0, "percent_statements_covered": 0.0, "percent_statements_covered_display": "0"}, "missing_lines": [60, 61, 62, 63, 65, 68, 69, 70, 71, 72, 74, 75, 76, 77, 80, 81, 84, 85, 87], "excluded_lines": []}, "ImageLoader._denoise_image": {"executed_lines": [], "summary": {"covered_lines": 0, "num_statements": 7, "percent_covered": 0.0, "percent_covered_display": "0", "missing_lines": 7, "excluded_lines": 0, "percent_statements_covered": 0.0, "percent_statements_covered_display": "0"}, "missing_lines": [90, 91, 92, 93, 94, 95, 98], "excluded_lines": []}, "ImageLoader._apply_white_balance": {"executed_lines": [], "summary": {"covered_lines": 0, "num_statements": 5, "percent_covered": 0.0, "percent_covered_display": "0", "missing_lines": 5, "excluded_lines": 0, "percent_statements_covered": 0.0, "percent_statements_covered_display": "0"}, "missing_lines": [101, 102, 103, 104, 105], "excluded_lines": []}, "ImageLoader._gray_world_white_balance": {"executed_lines": [], "summary": {"covered_lines": 0, "num_statements": 15, "percent_covered": 0.0, "percent_covered_display": "0", "missing_lines": 15, "excluded_lines": 0, "percent_statements_covered": 0.0, "percent_statements_covered_display": "0"}, "missing_lines": [108, 109, 110, 111, 113, 114, 115, 117, 119, 120, 121, 123, 124, 125, 126], "excluded_lines": []}, "ImageLoader._detect_roi_from_image": {"executed_lines": [], "summary": {"covered_lines": 0, "num_statements": 18, "percent_covered": 0.0, "percent_covered_display": "0", "missing_lines": 18, "excluded_lines": 0, "percent_statements_covered": 0.0, "percent_statements_covered_display": "0"}, "missing_lines": [129, 130, 131, 132, 133, 134, 135, 137, 138, 140, 141, 143, 144, 146, 147, 148, 149, 151], "excluded_lines": []}, "": {"executed_lines": [], "summary": {"covered_lines": 0, "num_statements": 32, "percent_covered": 0.0, "percent_covered_display": "0", "missing_lines": 32, "excluded_lines": 0, "percent_statements_covered": 0.0, "percent_statements_covered_display": "0"}, "missing_lines": [1, 2, 3, 4, 6, 7, 9, 10, 12, 15, 16, 17, 18, 19, 21, 22, 23, 24, 25, 27, 28, 30, 31, 34, 35, 39, 49, 59, 89, 100, 107, 128], "excluded_lines": []}}, "classes": {"ImageConfig": {"executed_lines": [], "summary": {"covered_lines": 0, "num_statements": 0, "percent_covered": 100.0, "percent_covered_display": "100", "missing_lines": 0, "excluded_lines": 0, "percent_statements_covered": 100.0, "percent_statements_covered_display": "100"}, "missing_lines": [], "excluded_lines": []}, "ImageLoader": {"executed_lines": [], "summary": {"covered_lines": 0, "num_statements": 82, "percent_covered": 0.0, "percent_covered_display": "0", "missing_lines": 82, "excluded_lines": 0, "percent_statements_covered": 0.0, "percent_statements_covered_display": "0"}, "missing_lines": [36, 37, 40, 41, 42, 43, 44, 45, 46, 47, 50, 51, 52, 53, 54, 55, 56, 57, 60, 61, 62, 63, 65, 68, 69, 70, 71, 72, 74, 75, 76, 77, 80, 81, 84, 85, 87, 90, 91, 92, 93, 94, 95, 98, 101, 102, 103, 104, 105, 108, 109, 110, 111, 113, 114, 115, 117, 119, 120, 121, 123, 124, 125, 126, 129, 130, 131, 132, 133, 134, 135, 137, 138, 140, 141, 143, 144, 146, 147, 148, 149, 151], "excluded_lines": []}, "": {"executed_lines": [], "summary": {"covered_lines": 0, "num_statements": 32, "percent_covered": 0.0, "percent_covered_display": "0", "missing_lines": 32, "excluded_lines": 0, "percent_statements_covered": 0.0, "percent_statements_covered_display": "0"}, "missing_lines": [1, 2, 3, 4, 6, 7, 9, 10, 12, 15, 16, 17, 18, 19, 21, 22, 23, 24, 25, 27, 28, 30, 31, 34, 35, 39, 49, 59, 89, 100, 107, 128], "excluded_lines": []}}}, "C:\\X\\Color_total\\Color_meter\\src\\core\\ink_estimator.py": {"executed_lines": [1, 13, 14, 15, 16, 17, 18, 19, 21, 24, 25, 26, 27, 28, 29, 30, 33, 34, 35, 37, 39, 42, 46, 47, 49, 50, 51, 53, 54, 56, 58, 60, 61, 63, 65, 67, 68, 69, 70, 71, 72, 73, 74, 76, 92, 95, 96, 101, 103, 104, 105, 107, 113, 114, 115, 117, 119, 120, 123, 135, 136, 137, 142, 144, 145, 147, 149, 150, 152, 154, 161, 162, 164, 165, 167, 174, 175, 177, 178, 179, 180, 181, 184, 187, 201, 203, 205, 206, 208, 209, 210, 214, 220, 232, 233, 234, 235, 236, 237, 239, 253, 255, 257, 258, 260, 261, 262, 263, 264, 265, 266, 269, 270, 271, 272, 274, 275, 276, 278, 280, 282, 283, 285, 286, 288, 290, 302, 303, 304, 306, 307, 308, 309, 317, 319, 330, 334, 335, 336, 338, 339, 340, 341, 344, 345, 347, 351, 354, 357, 358, 361, 362, 365, 368, 369, 370, 372, 373, 374, 375, 376, 379, 382, 385, 387, 388, 389, 390, 393, 394, 398, 400, 401, 404, 406, 408, 410, 411, 412, 413, 414, 415, 416, 418, 420, 444, 447, 450, 451, 464, 465, 466, 467, 470, 473, 476, 477, 478, 481, 483, 494, 531], "summary": {"covered_lines": 201, "num_statements": 230, "percent_covered": 87.3913043478261, "percent_covered_display": "87", "missing_lines": 29, "excluded_lines": 0, "percent_statements_covered": 87.3913043478261, "percent_statements_covered_display": "87"}, "missing_lines": [66, 97, 98, 188, 189, 190, 193, 194, 195, 196, 197, 199, 215, 331, 348, 517, 518, 519, 521, 532, 534, 535, 536, 537, 538, 540, 541, 542, 544], "excluded_lines": [], "functions": {"InkEstimator.__init__": {"executed_lines": [35], "summary": {"covered_lines": 1, "num_statements": 1, "percent_covered": 100.0, "percent_covered_display": "100", "missing_lines": 0, "excluded_lines": 0, "percent_statements_covered": 100.0, "percent_statements_covered_display": "100"}, "missing_lines": [], "excluded_lines": []}, "InkEstimator.lab_to_rgb_hex": {"executed_lines": [39, 42, 46, 47, 49, 50, 51, 53, 54, 56, 58], "summary": {"covered_lines": 11, "num_statements": 11, "percent_covered": 100.0, "percent_covered_display": "100", "missing_lines": 0, "excluded_lines": 0, "percent_statements_covered": 100.0, "percent_statements_covered_display": "100"}, "missing_lines": [], "excluded_lines": []}, "InkEstimator.delta_e76": {"executed_lines": [61], "summary": {"covered_lines": 1, "num_statements": 1, "percent_covered": 100.0, "percent_covered_display": "100", "missing_lines": 0, "excluded_lines": 0, "percent_statements_covered": 100.0, "percent_statements_covered_display": "100"}, "missing_lines": [], "excluded_lines": []}, "InkEstimator.trimmed_mean": {"executed_lines": [65, 67, 68, 69, 70, 71, 72, 73, 74], "summary": {"covered_lines": 9, "num_statements": 10, "percent_covered": 90.0, "percent_covered_display": "90", "missing_lines": 1, "excluded_lines": 0, "percent_statements_covered": 90.0, "percent_statements_covered_display": "90"}, "missing_lines": [66], "excluded_lines": []}, "InkEstimator.sample_ink_pixels": {"executed_lines": [92, 95, 96, 101, 103, 104, 105, 107, 113, 114, 115, 117, 119, 120, 123, 135, 136, 137, 142, 144, 145, 147, 149, 150, 152], "summary": {"covered_lines": 25, "num_statements": 27, "percent_covered": 92.5925925925926, "percent_covered_display": "93", "missing_lines": 2, "excluded_lines": 0, "percent_statements_covered": 92.5925925925926, "percent_statements_covered_display": "93"}, "missing_lines": [97, 98], "excluded_lines": []}, "InkEstimator.select_k_clusters": {"executed_lines": [161, 162, 164, 165, 167, 174, 175, 177, 178, 179, 180, 181, 184, 187, 201], "summary": {"covered_lines": 15, "num_statements": 21, "percent_covered": 71.42857142857143, "percent_covered_display": "71", "missing_lines": 6, "excluded_lines": 0, "percent_statements_covered": 71.42857142857143, "percent_statements_covered_display": "71"}, "missing_lines": [188, 189, 190, 193, 194, 199], "excluded_lines": []}, "InkEstimator.select_k_clusters.FakeGMM.__init__": {"executed_lines": [], "summary": {"covered_lines": 0, "num_statements": 3, "percent_covered": 0.0, "percent_covered_display": "0", "missing_lines": 3, "excluded_lines": 0, "percent_statements_covered": 0.0, "percent_statements_covered_display": "0"}, "missing_lines": [195, 196, 197], "excluded_lines": []}, "InkEstimator._check_exposure_warnings": {"executed_lines": [205, 206, 208, 209, 210, 214], "summary": {"covered_lines": 6, "num_statements": 7, "percent_covered": 85.71428571428571, "percent_covered_display": "86", "missing_lines": 1, "excluded_lines": 0, "percent_statements_covered": 85.71428571428571, "percent_statements_covered_display": "86"}, "missing_lines": [215], "excluded_lines": []}, "InkEstimator._robustify_centers": {"executed_lines": [232, 233, 234, 235, 236, 237], "summary": {"covered_lines": 6, "num_statements": 6, "percent_covered": 100.0, "percent_covered_display": "100", "missing_lines": 0, "excluded_lines": 0, "percent_statements_covered": 100.0, "percent_statements_covered_display": "100"}, "missing_lines": [], "excluded_lines": []}, "InkEstimator._merge_close_clusters": {"executed_lines": [253, 255, 257, 258, 260, 261, 262, 263, 264, 265, 266, 269, 270, 271, 272, 274, 275, 276, 278, 280, 282, 283, 285, 286, 288], "summary": {"covered_lines": 25, "num_statements": 25, "percent_covered": 100.0, "percent_covered_display": "100", "missing_lines": 0, "excluded_lines": 0, "percent_statements_covered": 100.0, "percent_statements_covered_display": "100"}, "missing_lines": [], "excluded_lines": []}, "InkEstimator._format_ink_results": {"executed_lines": [302, 303, 304, 306, 307, 308, 309, 317], "summary": {"covered_lines": 8, "num_statements": 8, "percent_covered": 100.0, "percent_covered_display": "100", "missing_lines": 0, "excluded_lines": 0, "percent_statements_covered": 100.0, "percent_statements_covered_display": "100"}, "missing_lines": [], "excluded_lines": []}, "InkEstimator.correct_ink_count_by_mixing": {"executed_lines": [330, 334, 335, 336, 338, 339, 340, 341, 344, 345, 347, 351, 354, 357, 358, 361, 362, 365, 368, 369, 370, 372, 373, 374, 375, 376, 379, 382, 385, 387, 388, 389, 390, 393, 394, 398, 400, 401, 404, 406, 408, 410, 411, 412, 413, 414, 415, 416, 418], "summary": {"covered_lines": 49, "num_statements": 51, "percent_covered": 96.07843137254902, "percent_covered_display": "96", "missing_lines": 2, "excluded_lines": 0, "percent_statements_covered": 96.07843137254902, "percent_statements_covered_display": "96"}, "missing_lines": [331, 348], "excluded_lines": []}, "InkEstimator.estimate_from_array": {"executed_lines": [444, 447, 450, 451, 464, 465, 466, 467, 470, 473, 476, 477, 478, 481, 483], "summary": {"covered_lines": 15, "num_statements": 15, "percent_covered": 100.0, "percent_covered_display": "100", "missing_lines": 0, "excluded_lines": 0, "percent_statements_covered": 100.0, "percent_statements_covered_display": "100"}, "missing_lines": [], "excluded_lines": []}, "InkEstimator.estimate": {"executed_lines": [], "summary": {"covered_lines": 0, "num_statements": 4, "percent_covered": 0.0, "percent_covered_display": "0", "missing_lines": 4, "excluded_lines": 0, "percent_statements_covered": 0.0, "percent_statements_covered_display": "0"}, "missing_lines": [517, 518, 519, 521], "excluded_lines": []}, "": {"executed_lines": [1, 13, 14, 15, 16, 17, 18, 19, 21, 24, 25, 26, 27, 28, 29, 30, 33, 34, 37, 60, 63, 76, 154, 203, 220, 239, 290, 319, 420, 494, 531], "summary": {"covered_lines": 30, "num_statements": 40, "percent_covered": 75.0, "percent_covered_display": "75", "missing_lines": 10, "excluded_lines": 0, "percent_statements_covered": 75.0, "percent_statements_covered_display": "75"}, "missing_lines": [532, 534, 535, 536, 537, 538, 540, 541, 542, 544], "excluded_lines": []}}, "classes": {"InkColor": {"executed_lines": [], "summary": {"covered_lines": 0, "num_statements": 0, "percent_covered": 100.0, "percent_covered_display": "100", "missing_lines": 0, "excluded_lines": 0, "percent_statements_covered": 100.0, "percent_statements_covered_display": "100"}, "missing_lines": [], "excluded_lines": []}, "InkEstimator": {"executed_lines": [35, 39, 42, 46, 47, 49, 50, 51, 53, 54, 56, 58, 61, 65, 67, 68, 69, 70, 71, 72, 73, 74, 92, 95, 96, 101, 103, 104, 105, 107, 113, 114, 115, 117, 119, 120, 123, 135, 136, 137, 142, 144, 145, 147, 149, 150, 152, 161, 162, 164, 165, 167, 174, 175, 177, 178, 179, 180, 181, 184, 187, 201, 205, 206, 208, 209, 210, 214, 232, 233, 234, 235, 236, 237, 253, 255, 257, 258, 260, 261, 262, 263, 264, 265, 266, 269, 270, 271, 272, 274, 275, 276, 278, 280, 282, 283, 285, 286, 288, 302, 303, 304, 306, 307, 308, 309, 317, 330, 334, 335, 336, 338, 339, 340, 341, 344, 345, 347, 351, 354, 357, 358, 361, 362, 365, 368, 369, 370, 372, 373, 374, 375, 376, 379, 382, 385, 387, 388, 389, 390, 393, 394, 398, 400, 401, 404, 406, 408, 410, 411, 412, 413, 414, 415, 416, 418, 444, 447, 450, 451, 464, 465, 466, 467, 470, 473, 476, 477, 478, 481, 483], "summary": {"covered_lines": 171, "num_statements": 187, "percent_covered": 91.44385026737967, "percent_covered_display": "91", "missing_lines": 16, "excluded_lines": 0, "percent_statements_covered": 91.44385026737967, "percent_statements_covered_display": "91"}, "missing_lines": [66, 97, 98, 188, 189, 190, 193, 194, 199, 215, 331, 348, 517, 518, 519, 521], "excluded_lines": []}, "InkEstimator.select_k_clusters.FakeGMM": {"executed_lines": [], "summary": {"covered_lines": 0, "num_statements": 3, "percent_covered": 0.0, "percent_covered_display": "0", "missing_lines": 3, "excluded_lines": 0, "percent_statements_covered": 0.0, "percent_statements_covered_display": "0"}, "missing_lines": [195, 196, 197], "excluded_lines": []}, "": {"executed_lines": [1, 13, 14, 15, 16, 17, 18, 19, 21, 24, 25, 26, 27, 28, 29, 30, 33, 34, 37, 60, 63, 76, 154, 203, 220, 239, 290, 319, 420, 494, 531], "summary": {"covered_lines": 30, "num_statements": 40, "percent_covered": 75.0, "percent_covered_display": "75", "missing_lines": 10, "excluded_lines": 0, "percent_statements_covered": 75.0, "percent_statements_covered_display": "75"}, "missing_lines": [532, 534, 535, 536, 537, 538, 540, 541, 542, 544], "excluded_lines": []}}}, "C:\\X\\Color_total\\Color_meter\\src\\core\\lens_detector.py": {"executed_lines": [1, 2, 3, 5, 6, 8, 11, 12, 15, 16, 17, 18, 19, 20, 21, 22, 25, 26, 27, 28, 29, 30, 31, 32, 33, 34, 35, 36, 37, 38, 39, 40, 41, 42, 45, 46, 49, 100, 120, 150, 174, 251, 281], "summary": {"covered_lines": 43, "num_statements": 174, "percent_covered": 24.71264367816092, "percent_covered_display": "25", "missing_lines": 131, "excluded_lines": 0, "percent_statements_covered": 24.71264367816092, "percent_statements_covered_display": "25"}, "missing_lines": [47, 50, 51, 53, 55, 56, 57, 58, 59, 60, 61, 64, 65, 66, 68, 69, 72, 74, 75, 78, 79, 80, 81, 82, 85, 86, 89, 90, 93, 94, 96, 98, 101, 102, 104, 115, 116, 117, 118, 121, 122, 124, 126, 129, 130, 132, 133, 134, 136, 137, 138, 139, 141, 142, 144, 145, 146, 148, 151, 152, 154, 155, 156, 157, 158, 166, 168, 170, 171, 172, 192, 193, 195, 197, 200, 201, 204, 207, 208, 211, 212, 213, 216, 218, 219, 220, 223, 224, 226, 227, 228, 231, 234, 237, 238, 239, 242, 244, 249, 261, 264, 266, 267, 268, 269, 272, 277, 279, 295, 296, 297, 298, 299, 301, 303, 304, 305, 308, 309, 310, 313, 314, 316, 317, 318, 321, 322, 324, 325, 327, 329], "excluded_lines": [], "functions": {"LensDetector.__init__": {"executed_lines": [], "summary": {"covered_lines": 0, "num_statements": 1, "percent_covered": 0.0, "percent_covered_display": "0", "missing_lines": 1, "excluded_lines": 0, "percent_statements_covered": 0.0, "percent_statements_covered_display": "0"}, "missing_lines": [47], "excluded_lines": []}, "LensDetector.detect": {"executed_lines": [], "summary": {"covered_lines": 0, "num_statements": 31, "percent_covered": 0.0, "percent_covered_display": "0", "missing_lines": 31, "excluded_lines": 0, "percent_statements_covered": 0.0, "percent_statements_covered_display": "0"}, "missing_lines": [50, 51, 53, 55, 56, 57, 58, 59, 60, 61, 64, 65, 66, 68, 69, 72, 74, 75, 78, 79, 80, 81, 82, 85, 86, 89, 90, 93, 94, 96, 98], "excluded_lines": []}, "LensDetector._detect_hough": {"executed_lines": [], "summary": {"covered_lines": 0, "num_statements": 7, "percent_covered": 0.0, "percent_covered_display": "0", "missing_lines": 7, "excluded_lines": 0, "percent_statements_covered": 0.0, "percent_statements_covered_display": "0"}, "missing_lines": [101, 102, 104, 115, 116, 117, 118], "excluded_lines": []}, "LensDetector._detect_contour": {"executed_lines": [], "summary": {"covered_lines": 0, "num_statements": 19, "percent_covered": 0.0, "percent_covered_display": "0", "missing_lines": 19, "excluded_lines": 0, "percent_statements_covered": 0.0, "percent_statements_covered_display": "0"}, "missing_lines": [121, 122, 124, 126, 129, 130, 132, 133, 134, 136, 137, 138, 139, 141, 142, 144, 145, 146, 148], "excluded_lines": []}, "LensDetector._detect_hybrid": {"executed_lines": [], "summary": {"covered_lines": 0, "num_statements": 12, "percent_covered": 0.0, "percent_covered_display": "0", "missing_lines": 12, "excluded_lines": 0, "percent_statements_covered": 0.0, "percent_statements_covered_display": "0"}, "missing_lines": [151, 152, 154, 155, 156, 157, 158, 166, 168, 170, 171, 172], "excluded_lines": []}, "LensDetector._detect_background_based": {"executed_lines": [], "summary": {"covered_lines": 0, "num_statements": 29, "percent_covered": 0.0, "percent_covered_display": "0", "missing_lines": 29, "excluded_lines": 0, "percent_statements_covered": 0.0, "percent_statements_covered_display": "0"}, "missing_lines": [192, 193, 195, 197, 200, 201, 204, 207, 208, 211, 212, 213, 216, 218, 219, 220, 223, 224, 226, 227, 228, 231, 234, 237, 238, 239, 242, 244, 249], "excluded_lines": []}, "LensDetector._sample_background_color": {"executed_lines": [], "summary": {"covered_lines": 0, "num_statements": 9, "percent_covered": 0.0, "percent_covered_display": "0", "missing_lines": 9, "excluded_lines": 0, "percent_statements_covered": 0.0, "percent_statements_covered_display": "0"}, "missing_lines": [261, 264, 266, 267, 268, 269, 272, 277, 279], "excluded_lines": []}, "LensDetector._refine_center": {"executed_lines": [], "summary": {"covered_lines": 0, "num_statements": 23, "percent_covered": 0.0, "percent_covered_display": "0", "missing_lines": 23, "excluded_lines": 0, "percent_statements_covered": 0.0, "percent_statements_covered_display": "0"}, "missing_lines": [295, 296, 297, 298, 299, 301, 303, 304, 305, 308, 309, 310, 313, 314, 316, 317, 318, 321, 322, 324, 325, 327, 329], "excluded_lines": []}, "": {"executed_lines": [1, 2, 3, 5, 6, 8, 11, 12, 15, 16, 17, 18, 19, 20, 21, 22, 25, 26, 27, 28, 29, 30, 31, 32, 33, 34, 35, 36, 37, 38, 39, 40, 41, 42, 45, 46, 49, 100, 120, 150, 174, 251, 281], "summary": {"covered_lines": 43, "num_statements": 43, "percent_covered": 100.0, "percent_covered_display": "100", "missing_lines": 0, "excluded_lines": 0, "percent_statements_covered": 100.0, "percent_statements_covered_display": "100"}, "missing_lines": [], "excluded_lines": []}}, "classes": {"LensDetectionError": {"executed_lines": [], "summary": {"covered_lines": 0, "num_statements": 0, "percent_covered": 100.0, "percent_covered_display": "100", "missing_lines": 0, "excluded_lines": 0, "percent_statements_covered": 100.0, "percent_statements_covered_display": "100"}, "missing_lines": [], "excluded_lines": []}, "LensDetection": {"executed_lines": [], "summary": {"covered_lines": 0, "num_statements": 0, "percent_covered": 100.0, "percent_covered_display": "100", "missing_lines": 0, "excluded_lines": 0, "percent_statements_covered": 100.0, "percent_statements_covered_display": "100"}, "missing_lines": [], "excluded_lines": []}, "DetectorConfig": {"executed_lines": [], "summary": {"covered_lines": 0, "num_statements": 0, "percent_covered": 100.0, "percent_covered_display": "100", "missing_lines": 0, "excluded_lines": 0, "percent_statements_covered": 100.0, "percent_statements_covered_display": "100"}, "missing_lines": [], "excluded_lines": []}, "LensDetector": {"executed_lines": [], "summary": {"covered_lines": 0, "num_statements": 131, "percent_covered": 0.0, "percent_covered_display": "0", "missing_lines": 131, "excluded_lines": 0, "percent_statements_covered": 0.0, "percent_statements_covered_display": "0"}, "missing_lines": [47, 50, 51, 53, 55, 56, 57, 58, 59, 60, 61, 64, 65, 66, 68, 69, 72, 74, 75, 78, 79, 80, 81, 82, 85, 86, 89, 90, 93, 94, 96, 98, 101, 102, 104, 115, 116, 117, 118, 121, 122, 124, 126, 129, 130, 132, 133, 134, 136, 137, 138, 139, 141, 142, 144, 145, 146, 148, 151, 152, 154, 155, 156, 157, 158, 166, 168, 170, 171, 172, 192, 193, 195, 197, 200, 201, 204, 207, 208, 211, 212, 213, 216, 218, 219, 220, 223, 224, 226, 227, 228, 231, 234, 237, 238, 239, 242, 244, 249, 261, 264, 266, 267, 268, 269, 272, 277, 279, 295, 296, 297, 298, 299, 301, 303, 304, 305, 308, 309, 310, 313, 314, 316, 317, 318, 321, 322, 324, 325, 327, 329], "excluded_lines": []}, "": {"executed_lines": [1, 2, 3, 5, 6, 8, 11, 12, 15, 16, 17, 18, 19, 20, 21, 22, 25, 26, 27, 28, 29, 30, 31, 32, 33, 34, 35, 36, 37, 38, 39, 40, 41, 42, 45, 46, 49, 100, 120, 150, 174, 251, 281], "summary": {"covered_lines": 43, "num_statements": 43, "percent_covered": 100.0, "percent_covered_display": "100", "missing_lines": 0, "excluded_lines": 0, "percent_statements_covered": 100.0, "percent_statements_covered_display": "100"}, "missing_lines": [], "excluded_lines": []}}}, "C:\\X\\Color_total\\Color_meter\\src\\core\\radial_profiler.py": {"executed_lines": [1, 3, 4, 5, 7, 10, 11, 12, 13, 14, 15, 16, 17, 18, 19, 22, 23, 24, 25, 26, 27, 28, 29, 30, 31, 32, 35, 36, 39, 113], "summary": {"covered_lines": 30, "num_statements": 82, "percent_covered": 36.58536585365854, "percent_covered_display": "37", "missing_lines": 52, "excluded_lines": 0, "percent_statements_covered": 36.58536585365854, "percent_statements_covered_display": "37"}, "missing_lines": [37, 40, 41, 42, 43, 45, 46, 47, 48, 50, 58, 59, 60, 61, 63, 68, 70, 71, 72, 75, 77, 78, 79, 82, 83, 84, 86, 87, 88, 90, 91, 94, 95, 97, 108, 109, 111, 114, 116, 117, 118, 119, 120, 121, 123, 124, 125, 128, 129, 130, 131, 133], "excluded_lines": [], "functions": {"RadialProfiler.__init__": {"executed_lines": [], "summary": {"covered_lines": 0, "num_statements": 1, "percent_covered": 0.0, "percent_covered_display": "0", "missing_lines": 1, "excluded_lines": 0, "percent_statements_covered": 0.0, "percent_statements_covered_display": "0"}, "missing_lines": [37], "excluded_lines": []}, "RadialProfiler.extract_profile": {"executed_lines": [], "summary": {"covered_lines": 0, "num_statements": 36, "percent_covered": 0.0, "percent_covered_display": "0", "missing_lines": 36, "excluded_lines": 0, "percent_statements_covered": 0.0, "percent_statements_covered_display": "0"}, "missing_lines": [40, 41, 42, 43, 45, 46, 47, 48, 50, 58, 59, 60, 61, 63, 68, 70, 71, 72, 75, 77, 78, 79, 82, 83, 84, 86, 87, 88, 90, 91, 94, 95, 97, 108, 109, 111], "excluded_lines": []}, "RadialProfiler._smooth_profile": {"executed_lines": [], "summary": {"covered_lines": 0, "num_statements": 15, "percent_covered": 0.0, "percent_covered_display": "0", "missing_lines": 15, "excluded_lines": 0, "percent_statements_covered": 0.0, "percent_statements_covered_display": "0"}, "missing_lines": [114, 116, 117, 118, 119, 120, 121, 123, 124, 125, 128, 129, 130, 131, 133], "excluded_lines": []}, "": {"executed_lines": [1, 3, 4, 5, 7, 10, 11, 12, 13, 14, 15, 16, 17, 18, 19, 22, 23, 24, 25, 26, 27, 28, 29, 30, 31, 32, 35, 36, 39, 113], "summary": {"covered_lines": 30, "num_statements": 30, "percent_covered": 100.0, "percent_covered_display": "100", "missing_lines": 0, "excluded_lines": 0, "percent_statements_covered": 100.0, "percent_statements_covered_display": "100"}, "missing_lines": [], "excluded_lines": []}}, "classes": {"RadialProfile": {"executed_lines": [], "summary": {"covered_lines": 0, "num_statements": 0, "percent_covered": 100.0, "percent_covered_display": "100", "missing_lines": 0, "excluded_lines": 0, "percent_statements_covered": 100.0, "percent_statements_covered_display": "100"}, "missing_lines": [], "excluded_lines": []}, "ProfilerConfig": {"executed_lines": [], "summary": {"covered_lines": 0, "num_statements": 0, "percent_covered": 100.0, "percent_covered_display": "100", "missing_lines": 0, "excluded_lines": 0, "percent_statements_covered": 100.0, "percent_statements_covered_display": "100"}, "missing_lines": [], "excluded_lines": []}, "RadialProfiler": {"executed_lines": [], "summary": {"covered_lines": 0, "num_statements": 52, "percent_covered": 0.0, "percent_covered_display": "0", "missing_lines": 52, "excluded_lines": 0, "percent_statements_covered": 0.0, "percent_statements_covered_display": "0"}, "missing_lines": [37, 40, 41, 42, 43, 45, 46, 47, 48, 50, 58, 59, 60, 61, 63, 68, 70, 71, 72, 75, 77, 78, 79, 82, 83, 84, 86, 87, 88, 90, 91, 94, 95, 97, 108, 109, 111, 114, 116, 117, 118, 119, 120, 121, 123, 124, 125, 128, 129, 130, 131, 133], "excluded_lines": []}, "": {"executed_lines": [1, 3, 4, 5, 7, 10, 11, 12, 13, 14, 15, 16, 17, 18, 19, 22, 23, 24, 25, 26, 27, 28, 29, 30, 31, 32, 35, 36, 39, 113], "summary": {"covered_lines": 30, "num_statements": 30, "percent_covered": 100.0, "percent_covered_display": "100", "missing_lines": 0, "excluded_lines": 0, "percent_statements_covered": 100.0, "percent_statements_covered_display": "100"}, "missing_lines": [], "excluded_lines": []}}}, "C:\\X\\Color_total\\Color_meter\\src\\core\\sector_segmenter.py": {"executed_lines": [], "summary": {"covered_lines": 0, "num_statements": 128, "percent_covered": 0.0, "percent_covered_display": "0", "missing_lines": 128, "excluded_lines": 0, "percent_statements_covered": 0.0, "percent_statements_covered_display": "0"}, "missing_lines": [10, 11, 12, 13, 14, 16, 19, 20, 23, 24, 26, 27, 28, 31, 32, 35, 36, 37, 38, 39, 40, 41, 44, 59, 64, 65, 70, 96, 97, 99, 100, 103, 104, 109, 114, 119, 130, 131, 132, 134, 144, 150, 152, 154, 158, 159, 164, 165, 171, 172, 173, 175, 176, 177, 178, 181, 182, 183, 184, 186, 190, 191, 195, 197, 198, 200, 201, 202, 203, 206, 207, 210, 212, 217, 218, 219, 220, 221, 222, 223, 225, 229, 230, 232, 233, 239, 242, 243, 244, 245, 246, 247, 248, 249, 250, 252, 263, 264, 266, 269, 279, 280, 281, 282, 283, 284, 285, 286, 288, 290, 291, 292, 294, 295, 300, 301, 303, 315, 320, 321, 322, 323, 324, 325, 326, 328, 335, 348], "excluded_lines": [], "functions": {"SectorConfig.__post_init__": {"executed_lines": [], "summary": {"covered_lines": 0, "num_statements": 2, "percent_covered": 0.0, "percent_covered_display": "0", "missing_lines": 2, "excluded_lines": 0, "percent_statements_covered": 0.0, "percent_statements_covered_display": "0"}, "missing_lines": [27, 28], "excluded_lines": []}, "SectorSegmenter.__init__": {"executed_lines": [], "summary": {"covered_lines": 0, "num_statements": 2, "percent_covered": 0.0, "percent_covered_display": "0", "missing_lines": 2, "excluded_lines": 0, "percent_statements_covered": 0.0, "percent_statements_covered_display": "0"}, "missing_lines": [64, 65], "excluded_lines": []}, "SectorSegmenter.segment_and_analyze": {"executed_lines": [], "summary": {"covered_lines": 0, "num_statements": 16, "percent_covered": 0.0, "percent_covered_display": "0", "missing_lines": 16, "excluded_lines": 0, "percent_statements_covered": 0.0, "percent_statements_covered_display": "0"}, "missing_lines": [96, 97, 99, 100, 103, 104, 109, 114, 119, 130, 131, 132, 134, 144, 150, 152], "excluded_lines": []}, "SectorSegmenter._apply_illumination_correction": {"executed_lines": [], "summary": {"covered_lines": 0, "num_statements": 15, "percent_covered": 0.0, "percent_covered_display": "0", "missing_lines": 15, "excluded_lines": 0, "percent_statements_covered": 0.0, "percent_statements_covered_display": "0"}, "missing_lines": [158, 159, 164, 165, 171, 172, 173, 175, 176, 177, 178, 181, 182, 183, 184], "excluded_lines": []}, "SectorSegmenter._detect_boundaries": {"executed_lines": [], "summary": {"covered_lines": 0, "num_statements": 20, "percent_covered": 0.0, "percent_covered_display": "0", "missing_lines": 20, "excluded_lines": 0, "percent_statements_covered": 0.0, "percent_statements_covered_display": "0"}, "missing_lines": [190, 191, 195, 197, 198, 200, 201, 202, 203, 206, 207, 210, 212, 217, 218, 219, 220, 221, 222, 223], "excluded_lines": []}, "SectorSegmenter._create_background_mask": {"executed_lines": [], "summary": {"covered_lines": 0, "num_statements": 14, "percent_covered": 0.0, "percent_covered_display": "0", "missing_lines": 14, "excluded_lines": 0, "percent_statements_covered": 0.0, "percent_statements_covered_display": "0"}, "missing_lines": [229, 230, 232, 233, 239, 242, 243, 244, 245, 246, 247, 248, 249, 250], "excluded_lines": []}, "SectorSegmenter._extract_2d_profile": {"executed_lines": [], "summary": {"covered_lines": 0, "num_statements
[...]
26], "excluded_lines": []}, "": {"executed_lines": [], "summary": {"covered_lines": 0, "num_statements": 23, "percent_covered": 0.0, "percent_covered_display": "0", "missing_lines": 23, "excluded_lines": 0, "percent_statements_covered": 0.0, "percent_statements_covered_display": "0"}, "missing_lines": [1, 2, 3, 5, 6, 9, 10, 24, 29, 30, 31, 34, 35, 38, 39, 40, 41, 42, 45, 46, 47, 48, 49], "excluded_lines": []}}}, "C:\\X\\Color_total\\Color_meter\\src\\utils\\image_utils.py": {"executed_lines": [], "summary": {"covered_lines": 0, "num_statements": 31, "percent_covered": 0.0, "percent_covered_display": "0", "missing_lines": 31, "excluded_lines": 0, "percent_statements_covered": 0.0, "percent_statements_covered_display": "0"}, "missing_lines": [5, 7, 9, 10, 13, 17, 18, 19, 20, 21, 22, 23, 26, 28, 29, 32, 34, 35, 38, 47, 48, 49, 50, 51, 52, 53, 56, 64, 65, 66, 67], "excluded_lines": [], "functions": {"_validate_image": {"executed_lines": [], "summary": {"covered_lines": 0, "num_statements": 6, "percent_covered": 0.0, "percent_covered_display": "0", "missing_lines": 6, "excluded_lines": 0, "percent_statements_covered": 0.0, "percent_statements_covered_display": "0"}, "missing_lines": [18, 19, 20, 21, 22, 23], "excluded_lines": []}, "bgr_to_rgb": {"executed_lines": [], "summary": {"covered_lines": 0, "num_statements": 2, "percent_covered": 0.0, "percent_covered_display": "0", "missing_lines": 2, "excluded_lines": 0, "percent_statements_covered": 0.0, "percent_statements_covered_display": "0"}, "missing_lines": [28, 29], "excluded_lines": []}, "rgb_to_bgr": {"executed_lines": [], "summary": {"covered_lines": 0, "num_statements": 2, "percent_covered": 0.0, "percent_covered_display": "0", "missing_lines": 2, "excluded_lines": 0, "percent_statements_covered": 0.0, "percent_statements_covered_display": "0"}, "missing_lines": [34, 35], "excluded_lines": []}, "resize_keep_aspect": {"executed_lines": [], "summary": {"covered_lines": 0, "num_statements": 7, "percent_covered": 0.0, "percent_covered_display": "0", "missing_lines": 7, "excluded_lines": 0, "percent_statements_covered": 0.0, "percent_statements_covered_display": "0"}, "missing_lines": [47, 48, 49, 50, 51, 52, 53], "excluded_lines": []}, "draw_circle": {"executed_lines": [], "summary": {"covered_lines": 0, "num_statements": 4, "percent_covered": 0.0, "percent_covered_display": "0", "missing_lines": 4, "excluded_lines": 0, "percent_statements_covered": 0.0, "percent_statements_covered_display": "0"}, "missing_lines": [64, 65, 66, 67], "excluded_lines": []}, "": {"executed_lines": [], "summary": {"covered_lines": 0, "num_statements": 10, "percent_covered": 0.0, "percent_covered_display": "0", "missing_lines": 10, "excluded_lines": 0, "percent_statements_covered": 0.0, "percent_statements_covered_display": "0"}, "missing_lines": [5, 7, 9, 10, 13, 17, 26, 32, 38, 56], "excluded_lines": []}}, "classes": {"ImageValidationError": {"executed_lines": [], "summary": {"covered_lines": 0, "num_statements": 0, "percent_covered": 100.0, "percent_covered_display": "100", "missing_lines": 0, "excluded_lines": 0, "percent_statements_covered": 100.0, "percent_statements_covered_display": "100"}, "missing_lines": [], "excluded_lines": []}, "": {"executed_lines": [], "summary": {"covered_lines": 0, "num_statements": 31, "percent_covered": 0.0, "percent_covered_display": "0", "missing_lines": 31, "excluded_lines": 0, "percent_statements_covered": 0.0, "percent_statements_covered_display": "0"}, "missing_lines": [5, 7, 9, 10, 13, 17, 18, 19, 20, 21, 22, 23, 26, 28, 29, 32, 34, 35, 38, 47, 48, 49, 50, 51, 52, 53, 56, 64, 65, 66, 67], "excluded_lines": []}}}, "C:\\X\\Color_total\\Color_meter\\src\\utils\\security.py": {"executed_lines": [], "summary": {"covered_lines": 0, "num_statements": 32, "percent_covered": 0.0, "percent_covered_display": "0", "missing_lines": 32, "excluded_lines": 0, "percent_statements_covered": 0.0, "percent_statements_covered_display": "0"}, "missing_lines": [7, 8, 11, 14, 17, 38, 40, 41, 43, 44, 46, 47, 53, 54, 56, 59, 78, 81, 82, 85, 86, 87, 88, 90, 93, 110, 111, 113, 114, 117, 134, 135], "excluded_lines": [], "functions": {"validate_sku_identifier": {"executed_lines": [], "summary": {"covered_lines": 0, "num_statements": 10, "percent_covered": 0.0, "percent_covered_display": "0", "missing_lines": 10, "excluded_lines": 0, "percent_statements_covered": 0.0, "percent_statements_covered_display": "0"}, "missing_lines": [38, 40, 41, 43, 44, 46, 47, 53, 54, 56], "excluded_lines": []}, "safe_sku_path": {"executed_lines": [], "summary": {"covered_lines": 0, "num_statements": 8, "percent_covered": 0.0, "percent_covered_display": "0", "missing_lines": 8, "excluded_lines": 0, "percent_statements_covered": 0.0, "percent_statements_covered_display": "0"}, "missing_lines": [78, 81, 82, 85, 86, 87, 88, 90], "excluded_lines": []}, "validate_file_extension": {"executed_lines": [], "summary": {"covered_lines": 0, "num_statements": 4, "percent_covered": 0.0, "percent_covered_display": "0", "missing_lines": 4, "excluded_lines": 0, "percent_statements_covered": 0.0, "percent_statements_covered_display": "0"}, "missing_lines": [110, 111, 113, 114], "excluded_lines": []}, "validate_file_size": {"executed_lines": [], "summary": {"covered_lines": 0, "num_statements": 2, "percent_covered": 0.0, "percent_covered_display": "0", "missing_lines": 2, "excluded_lines": 0, "percent_statements_covered": 0.0, "percent_statements_covered_display": "0"}, "missing_lines": [134, 135], "excluded_lines": []}, "": {"executed_lines": [], "summary": {"covered_lines": 0, "num_statements": 8, "percent_covered": 0.0, "percent_covered_display": "0", "missing_lines": 8, "excluded_lines": 0, "percent_statements_covered": 0.0, "percent_statements_covered_display": "0"}, "missing_lines": [7, 8, 11, 14, 17, 59, 93, 117], "excluded_lines": []}}, "classes": {"SecurityError": {"executed_lines": [], "summary": {"covered_lines": 0, "num_statements": 0, "percent_covered": 100.0, "percent_covered_display": "100", "missing_lines": 0, "excluded_lines": 0, "percent_statements_covered": 100.0, "percent_statements_covered_display": "100"}, "missing_lines": [], "excluded_lines": []}, "": {"executed_lines": [], "summary": {"covered_lines": 0, "num_statements": 32, "percent_covered": 0.0, "percent_covered_display": "0", "missing_lines": 32, "excluded_lines": 0, "percent_statements_covered": 0.0, "percent_statements_covered_display": "0"}, "missing_lines": [7, 8, 11, 14, 17, 38, 40, 41, 43, 44, 46, 47, 53, 54, 56, 59, 78, 81, 82, 85, 86, 87, 88, 90, 93, 110, 111, 113, 114, 117, 134, 135], "excluded_lines": []}}}, "C:\\X\\Color_total\\Color_meter\\src\\utils\\telemetry.py": {"executed_lines": [], "summary": {"covered_lines": 0, "num_statements": 43, "percent_covered": 0.0, "percent_covered_display": "0", "missing_lines": 43, "excluded_lines": 0, "percent_statements_covered": 0.0, "percent_statements_covered_display": "0"}, "missing_lines": [7, 8, 9, 10, 11, 12, 13, 15, 16, 17, 18, 19, 22, 29, 43, 44, 45, 46, 48, 83, 140, 142, 144, 153, 155, 164, 174, 197, 199, 215, 217, 236, 239, 240, 241, 244, 246, 257, 259, 260, 262, 264, 265], "excluded_lines": [], "functions": {"TelemetryExporter.__init__": {"executed_lines": [], "summary": {"covered_lines": 0, "num_statements": 4, "percent_covered": 0.0, "percent_covered_display": "0", "missing_lines": 4, "excluded_lines": 0, "percent_statements_covered": 0.0, "percent_statements_covered_display": "0"}, "missing_lines": [43, 44, 45, 46], "excluded_lines": []}, "TelemetryExporter.export_full_telemetry": {"executed_lines": [], "summary": {"covered_lines": 0, "num_statements": 2, "percent_covered": 0.0, "percent_covered_display": "0", "missing_lines": 2, "excluded_lines": 0, "percent_statements_covered": 0.0, "percent_statements_covered_display": "0"}, "missing_lines": [83, 140], "excluded_lines": []}, "TelemetryExporter._export_metadata": {"executed_lines": [], "summary": {"covered_lines": 0, "num_statements": 1, "percent_covered": 0.0, "percent_covered_display": "0", "missing_lines": 1, "excluded_lines": 0, "percent_statements_covered": 0.0, "percent_statements_covered_display": "0"}, "missing_lines": [144], "excluded_lines": []}, "TelemetryExporter._export_lens_detection": {"executed_lines": [], "summary": {"covered_lines": 0, "num_statements": 1, "percent_covered": 0.0, "percent_covered_display": "0", "missing_lines": 1, "excluded_lines": 0, "percent_statements_covered": 0.0, "percent_statements_covered_display": "0"}, "missing_lines": [155], "excluded_lines": []}, "TelemetryExporter._export_radial_profile": {"executed_lines": [], "summary": {"covered_lines": 0, "num_statements": 1, "percent_covered": 0.0, "percent_covered_display": "0", "missing_lines": 1, "excluded_lines": 0, "percent_statements_covered": 0.0, "percent_statements_covered_display": "0"}, "missing_lines": [174], "excluded_lines": []}, "TelemetryExporter._export_zones": {"executed_lines": [], "summary": {"covered_lines": 0, "num_statements": 1, "percent_covered": 0.0, "percent_covered_display": "0", "missing_lines": 1, "excluded_lines": 0, "percent_statements_covered": 0.0, "percent_statements_covered_display": "0"}, "missing_lines": [199], "excluded_lines": []}, "TelemetryExporter._export_ring_sector_cells": {"executed_lines": [], "summary": {"covered_lines": 0, "num_statements": 1, "percent_covered": 0.0, "percent_covered_display": "0", "missing_lines": 1, "excluded_lines": 0, "percent_statements_covered": 0.0, "percent_statements_covered_display": "0"}, "missing_lines": [217], "excluded_lines": []}, "TelemetryExporter._export_images": {"executed_lines": [], "summary": {"covered_lines": 0, "num_statements": 5, "percent_covered": 0.0, "percent_covered_display": "0", "missing_lines": 5, "excluded_lines": 0, "percent_statements_covered": 0.0, "percent_statements_covered_display": "0"}, "missing_lines": [239, 240, 241, 244, 246], "excluded_lines": []}, "TelemetryExporter.save_json": {"executed_lines": [], "summary": {"covered_lines": 0, "num_statements": 2, "percent_covered": 0.0, "percent_covered_display": "0", "missing_lines": 2, "excluded_lines": 0, "percent_statements_covered": 0.0, "percent_statements_covered_display": "0"}, "missing_lines": [259, 260], "excluded_lines": []}, "TelemetryExporter.save_compact_json": {"executed_lines": [], "summary": {"covered_lines": 0, "num_statements": 2, "percent_covered": 0.0, "percent_covered_display": "0", "missing_lines": 2, "excluded_lines": 0, "percent_statements_covered": 0.0, "percent_statements_covered_display": "0"}, "missing_lines": [264, 265], "excluded_lines": []}, "": {"executed_lines": [], "summary": {"covered_lines": 0, "num_statements": 23, "percent_covered": 0.0, "percent_covered_display": "0", "missing_lines": 23, "excluded_lines": 0, "percent_statements_covered": 0.0, "percent_statements_covered_display": "0"}, "missing_lines": [7, 8, 9, 10, 11, 12, 13, 15, 16, 17, 18, 19, 22, 29, 48, 142, 153, 164, 197, 215, 236, 257, 262], "excluded_lines": []}}, "classes": {"TelemetryExporter": {"executed_lines": [], "summary": {"covered_lines": 0, "num_statements": 20, "percent_covered": 0.0, "percent_covered_display": "0", "missing_lines": 20, "excluded_lines": 0, "percent_statements_covered": 0.0, "percent_statements_covered_display": "0"}, "missing_lines": [43, 44, 45, 46, 83, 140, 144, 155, 174, 199, 217, 239, 240, 241, 244, 246, 259, 260, 264, 265], "excluded_lines": []}, "": {"executed_lines": [], "summary": {"covered_lines": 0, "num_statements": 23, "percent_covered": 0.0, "percent_covered_display": "0", "missing_lines": 23, "excluded_lines": 0, "percent_statements_covered": 0.0, "percent_statements_covered_display": "0"}, "missing_lines": [7, 8, 9, 10, 11, 12, 13, 15, 16, 17, 18, 19, 22, 29, 48, 142, 153, 164, 197, 215, 236, 257, 262], "excluded_lines": []}}}, "C:\\X\\Color_total\\Color_meter\\src\\visualizer.py": {"executed_lines": [], "summary": {"covered_lines": 0, "num_statements": 202, "percent_covered": 0.0, "percent_covered_display": "0", "missing_lines": 202, "excluded_lines": 0, "percent_statements_covered": 0.0, "percent_statements_covered_display": "0"}, "missing_lines": [8, 9, 10, 12, 13, 14, 15, 16, 19, 20, 24, 25, 26, 27, 28, 29, 30, 31, 34, 35, 36, 37, 40, 41, 42, 43, 46, 47, 50, 51, 54, 57, 60, 68, 75, 77, 99, 102, 103, 113, 114, 115, 118, 119, 120, 123, 126, 127, 130, 131, 133, 135, 139, 140, 141, 144, 145, 146, 149, 150, 152, 156, 157, 158, 161, 162, 163, 166, 167, 170, 171, 176, 177, 182, 183, 194, 196, 199, 200, 201, 204, 205, 206, 207, 210, 211, 214, 218, 229, 232, 233, 234, 235, 236, 237, 238, 239, 240, 243, 244, 245, 247, 248, 249, 250, 251, 252, 254, 255, 256, 257, 258, 259, 260, 263, 264, 265, 268, 269, 270, 279, 280, 281, 282, 283, 284, 285, 287, 288, 290, 300, 303, 304, 305, 308, 309, 310, 311, 312, 315, 316, 317, 318, 319, 320, 321, 322, 325, 326, 327, 328, 329, 330, 332, 333, 334, 335, 336, 337, 338, 339, 340, 341, 342, 343, 345, 346, 349, 350, 351, 352, 353, 354, 355, 356, 357, 358, 360, 361, 363, 372, 373, 376, 377, 379, 381, 382, 385, 386, 388, 390, 392, 393, 396, 398, 408, 409, 410, 411, 414, 416, 417], "excluded_lines": [], "functions": {"InspectionVisualizer.__init__": {"executed_lines": [], "summary": {"covered_lines": 0, "num_statements": 1, "percent_covered": 0.0, "percent_covered_display": "0", "missing_lines": 1, "excluded_lines": 0, "percent_statements_covered": 0.0, "percent_statements_covered_display": "0"}, "missing_lines": [75], "excluded_lines": []}, "InspectionVisualizer.visualize_zone_overlay": {"executed_lines": [], "summary": {"covered_lines": 0, "num_statements": 15, "percent_covered": 0.0, "percent_covered_display": "0", "missing_lines": 15, "excluded_lines": 0, "percent_statements_covered": 0.0, "percent_statements_covered_display": "0"}, "missing_lines": [99, 102, 103, 113, 114, 115, 118, 119, 120, 123, 126, 127, 130, 131, 133], "excluded_lines": []}, "InspectionVisualizer._draw_zone_boundary": {"executed_lines": [], "summary": {"covered_lines": 0, "num_statements": 8, "percent_covered": 0.0, "percent_covered_display": "0", "missing_lines": 8, "excluded_lines": 0, "percent_statements_covered": 0.0, "percent_statements_covered_display": "0"}, "missing_lines": [139, 140, 141, 144, 145, 146, 149, 150], "excluded_lines": []}, "InspectionVisualizer._draw_zone_label": {"executed_lines": [], "summary": {"covered_lines": 0, "num_statements": 14, "percent_covered": 0.0, "percent_covered_display": "0", "missing_lines": 14, "excluded_lines": 0, "percent_statements_covered": 0.0, "percent_statements_covered_display": "0"}, "missing_lines": [156, 157, 158, 161, 162, 163, 166, 167, 170, 171, 176, 177, 182, 183], "excluded_lines": []}, "InspectionVisualizer._draw_judgment_banner": {"executed_lines": [], "summary": {"covered_lines": 0, "num_statements": 11, "percent_covered": 0.0, "percent_covered_display": "0", "missing_lines": 11, "excluded_lines": 0, "percent_statements_covered": 0.0, "percent_statements_covered_display": "0"}, "missing_lines": [196, 199, 200, 201, 204, 205, 206, 207, 210, 211, 214], "excluded_lines": []}, "InspectionVisualizer.visualize_comparison": {"executed_lines": [], "summary": {"covered_lines": 0, "num_statements": 41, "percent_covered": 0.0, "percent_covered_display": "0", "missing_lines": 41, "excluded_lines": 0, "percent_statements_covered": 0.0, "percent_statements_covered_display": "0"}, "missing_lines": [229, 232, 233, 234, 235, 236, 237, 238, 239, 240, 243, 244, 245, 247, 248, 249, 250, 251, 252, 254, 255, 256, 257, 258, 259, 260, 263, 264, 265, 268, 269, 270, 279, 280, 281, 282, 283, 284, 285, 287, 288], "excluded_lines": []}, "InspectionVisualizer.visualize_dashboard": {"executed_lines": [], "summary": {"covered_lines": 0, "num_statements": 49, "percent_covered": 0.0, "percent_covered_display": "0", "missing_lines": 49, "excluded_lines": 0, "percent_statements_covered": 0.0, "percent_statements_covered_display": "0"}, "missing_lines": [300, 303, 304, 305, 308, 309, 310, 311, 312, 315, 316, 317, 318, 319, 320, 321, 322, 325, 326, 327, 328, 329, 330, 332, 333, 334, 335, 336, 337, 338, 339, 340, 341, 342, 343, 345, 346, 349, 350, 351, 352, 353, 354, 355, 356, 357, 358, 360, 361], "excluded_lines": []}, "InspectionVisualizer.save_visualization": {"executed_lines": [], "summary": {"covered_lines": 0, "num_statements": 14, "percent_covered": 0.0, "percent_covered_display": "0", "missing_lines": 14, "excluded_lines": 0, "percent_statements_covered": 0.0, "percent_statements_covered_display": "0"}, "missing_lines": [372, 373, 376, 377, 379, 381, 382, 385, 386, 388, 390, 392, 393, 396], "excluded_lines": []}, "InspectionVisualizer.figure_to_array": {"executed_lines": [], "summary": {"covered_lines": 0, "num_statements": 7, "percent_covered": 0.0, "percent_covered_display": "0", "missing_lines": 7, "excluded_lines": 0, "percent_statements_covered": 0.0, "percent_statements_covered_display": "0"}, "missing_lines": [408, 409, 410, 411, 414, 416, 417], "excluded_lines": []}, "": {"executed_lines": [], "summary": {"covered_lines": 0, "num_statements": 42, "percent_covered": 0.0, "percent_covered_display": "0", "missing_lines": 42, "excluded_lines": 0, "percent_statements_covered": 0.0, "percent_statements_covered_display": "0"}, "missing_lines": [8, 9, 10, 12, 13, 14, 15, 16, 19, 20, 24, 25, 26, 27, 28, 29, 30, 31, 34, 35, 36, 37, 40, 41, 42, 43, 46, 47, 50, 51, 54, 57, 60, 68, 77, 135, 152, 194, 218, 290, 363, 398], "excluded_lines": []}}, "classes": {"VisualizerConfig": {"executed_lines": [], "summary": {"covered_lines": 0, "num_statements": 0, "percent_covered": 100.0, "percent_covered_display": "100", "missing_lines": 0, "excluded_lines": 0, "percent_statements_covered": 100.0, "percent_statements_covered_display": "100"}, "missing_lines": [], "excluded_lines": []}, "VisualizationError": {"executed_lines": [], "summary": {"covered_lines": 0, "num_statements": 0, "percent_covered": 100.0, "percent_covered_display": "100", "missing_lines": 0, "excluded_lines": 0, "percent_statements_covered": 100.0, "percent_statements_covered_display": "100"}, "missing_lines": [], "excluded_lines": []}, "InspectionVisualizer": {"executed_lines": [], "summary": {"covered_lines": 0, "num_statements": 160, "percent_covered": 0.0, "percent_covered_display": "0", "missing_lines": 160, "excluded_lines": 0, "percent_statements_covered": 0.0, "percent_statements_covered_display": "0"}, "missing_lines": [75, 99, 102, 103, 113, 114, 115, 118, 119, 120, 123, 126, 127, 130, 131, 133, 139, 140, 141, 144, 145, 146, 149, 150, 156, 157, 158, 161, 162, 163, 166, 167, 170, 171, 176, 177, 182, 183, 196, 199, 200, 201, 204, 205, 206, 207, 210, 211, 214, 229, 232, 233, 234, 235, 236, 237, 238, 239, 240, 243, 244, 245, 247, 248, 249, 250, 251, 252, 254, 255, 256, 257, 258, 259, 260, 263, 264, 265, 268, 269, 270, 279, 280, 281, 282, 283, 284, 285, 287, 288, 300, 303, 304, 305, 308, 309, 310, 311, 312, 315, 316, 317, 318, 319, 320, 321, 322, 325, 326, 327, 328, 329, 330, 332, 333, 334, 335, 336, 337, 338, 339, 340, 341, 342, 343, 345, 346, 349, 350, 351, 352, 353, 354, 355, 356, 357, 358, 360, 361, 372, 373, 376, 377, 379, 381, 382, 385, 386, 388, 390, 392, 393, 396, 408, 409, 410, 411, 414, 416, 417], "excluded_lines": []}, "": {"executed_lines": [], "summary": {"covered_lines": 0, "num_statements": 42, "percent_covered": 0.0, "percent_covered_display": "0", "missing_lines": 42, "excluded_lines": 0, "percent_statements_covered": 0.0, "percent_statements_covered_display": "0"}, "missing_lines": [8, 9, 10, 12, 13, 14, 15, 16, 19, 20, 24, 25, 26, 27, 28, 29, 30, 31, 34, 35, 36, 37, 40, 41, 42, 43, 46, 47, 50, 51, 54, 57, 60, 68, 77, 135, 152, 194, 218, 290, 363, 398], "excluded_lines": []}}}}, "totals": {"covered_lines": 990, "num_statements": 3905, "percent_covered": 25.35211267605634, "percent_covered_display": "25", "missing_lines": 2915, "excluded_lines": 1, "percent_statements_covered": 25.35211267605634, "percent_statements_covered_display": "25"}}
